{"/Users/raihanqowi/Documents/Final-ProJek/wanderia/server/services/partner/app.js": {"path":"/Users/raihanqowi/Documents/Final-ProJek/wanderia/server/services/partner/app.js","statementMap":{"0":{"start":{"line":1,"column":16},"end":{"line":1,"column":34}},"1":{"start":{"line":2,"column":12},"end":{"line":2,"column":21}},"2":{"start":{"line":3,"column":13},"end":{"line":3,"column":37}},"3":{"start":{"line":4,"column":13},"end":{"line":4,"column":28}},"4":{"start":{"line":5,"column":15},"end":{"line":5,"column":34}},"5":{"start":{"line":6,"column":20},"end":{"line":6,"column":55}},"6":{"start":{"line":8,"column":0},"end":{"line":8,"column":16}},"7":{"start":{"line":9,"column":0},"end":{"line":9,"column":24}},"8":{"start":{"line":10,"column":0},"end":{"line":10,"column":49}},"9":{"start":{"line":12,"column":0},"end":{"line":12,"column":21}},"10":{"start":{"line":13,"column":0},"end":{"line":13,"column":21}},"11":{"start":{"line":19,"column":0},"end":{"line":19,"column":21}}},"fnMap":{},"branchMap":{"0":{"loc":{"start":{"line":3,"column":13},"end":{"line":3,"column":37}},"type":"binary-expr","locations":[{"start":{"line":3,"column":13},"end":{"line":3,"column":29}},{"start":{"line":3,"column":33},"end":{"line":3,"column":37}}],"line":3}},"s":{"0":3,"1":3,"2":3,"3":3,"4":3,"5":3,"6":3,"7":3,"8":3,"9":3,"10":3,"11":3},"f":{},"b":{"0":[3,3]},"_coverageSchema":"1a1c01bbd47fc00a2c39e90264f33305004495a9","hash":"7e43a2dc3f2035bcd1da23f35a8aa7a734f8df9a"}
,"/Users/raihanqowi/Documents/Final-ProJek/wanderia/server/services/partner/controllers/businesController.js": {"path":"/Users/raihanqowi/Documents/Final-ProJek/wanderia/server/services/partner/controllers/businesController.js","statementMap":{"0":{"start":{"line":1,"column":46},"end":{"line":1,"column":72}},"1":{"start":{"line":4,"column":8},"end":{"line":26,"column":9}},"2":{"start":{"line":12,"column":16},"end":{"line":12,"column":24}},"3":{"start":{"line":13,"column":25},"end":{"line":21,"column":14}},"4":{"start":{"line":23,"column":12},"end":{"line":23,"column":39}},"5":{"start":{"line":25,"column":12},"end":{"line":25,"column":24}},"6":{"start":{"line":30,"column":8},"end":{"line":52,"column":9}},"7":{"start":{"line":31,"column":23},"end":{"line":31,"column":36}},"8":{"start":{"line":33,"column":16},"end":{"line":33,"column":24}},"9":{"start":{"line":35,"column":25},"end":{"line":48,"column":13}},"10":{"start":{"line":49,"column":12},"end":{"line":49,"column":71}},"11":{"start":{"line":51,"column":12},"end":{"line":51,"column":24}},"12":{"start":{"line":56,"column":8},"end":{"line":78,"column":9}},"13":{"start":{"line":57,"column":25},"end":{"line":74,"column":14}},"14":{"start":{"line":75,"column":12},"end":{"line":75,"column":39}},"15":{"start":{"line":77,"column":12},"end":{"line":77,"column":24}},"16":{"start":{"line":82,"column":8},"end":{"line":106,"column":9}},"17":{"start":{"line":83,"column":27},"end":{"line":83,"column":37}},"18":{"start":{"line":85,"column":25},"end":{"line":102,"column":14}},"19":{"start":{"line":103,"column":12},"end":{"line":103,"column":39}},"20":{"start":{"line":105,"column":12},"end":{"line":105,"column":24}},"21":{"start":{"line":110,"column":0},"end":{"line":110,"column":36}}},"fnMap":{"0":{"name":"(anonymous_0)","decl":{"start":{"line":3,"column":4},"end":{"line":3,"column":5}},"loc":{"start":{"line":3,"column":48},"end":{"line":27,"column":5}},"line":3},"1":{"name":"(anonymous_1)","decl":{"start":{"line":29,"column":4},"end":{"line":29,"column":5}},"loc":{"start":{"line":29,"column":46},"end":{"line":53,"column":5}},"line":29},"2":{"name":"(anonymous_2)","decl":{"start":{"line":55,"column":4},"end":{"line":55,"column":5}},"loc":{"start":{"line":55,"column":50},"end":{"line":79,"column":5}},"line":55},"3":{"name":"(anonymous_3)","decl":{"start":{"line":81,"column":4},"end":{"line":81,"column":5}},"loc":{"start":{"line":81,"column":48},"end":{"line":107,"column":5}},"line":81}},"branchMap":{},"s":{"0":3,"1":2,"2":2,"3":2,"4":1,"5":1,"6":1,"7":1,"8":1,"9":1,"10":1,"11":0,"12":2,"13":2,"14":1,"15":1,"16":2,"17":2,"18":2,"19":1,"20":1,"21":3},"f":{"0":2,"1":1,"2":2,"3":2},"b":{},"_coverageSchema":"1a1c01bbd47fc00a2c39e90264f33305004495a9","hash":"07816532ee782a469fdd700bcf0164dc183dd06b"}
,"/Users/raihanqowi/Documents/Final-ProJek/wanderia/server/services/partner/controllers/categoryController.js": {"path":"/Users/raihanqowi/Documents/Final-ProJek/wanderia/server/services/partner/controllers/categoryController.js","statementMap":{"0":{"start":{"line":1,"column":46},"end":{"line":1,"column":72}},"1":{"start":{"line":4,"column":8},"end":{"line":28,"column":9}},"2":{"start":{"line":5,"column":25},"end":{"line":24,"column":14}},"3":{"start":{"line":25,"column":12},"end":{"line":25,"column":39}},"4":{"start":{"line":27,"column":12},"end":{"line":27,"column":24}},"5":{"start":{"line":32,"column":0},"end":{"line":32,"column":36}}},"fnMap":{"0":{"name":"(anonymous_0)","decl":{"start":{"line":3,"column":4},"end":{"line":3,"column":5}},"loc":{"start":{"line":3,"column":46},"end":{"line":29,"column":5}},"line":3}},"branchMap":{},"s":{"0":3,"1":2,"2":2,"3":1,"4":1,"5":3},"f":{"0":2},"b":{},"_coverageSchema":"1a1c01bbd47fc00a2c39e90264f33305004495a9","hash":"c1e2c74b428b010710daa2649d447f6585c54a04"}
,"/Users/raihanqowi/Documents/Final-ProJek/wanderia/server/services/partner/controllers/postConstroller.js": {"path":"/Users/raihanqowi/Documents/Final-ProJek/wanderia/server/services/partner/controllers/postConstroller.js","statementMap":{"0":{"start":{"line":1,"column":27},"end":{"line":1,"column":47}},"1":{"start":{"line":5,"column":8},"end":{"line":10,"column":9}},"2":{"start":{"line":6,"column":25},"end":{"line":6,"column":45}},"3":{"start":{"line":7,"column":12},"end":{"line":7,"column":39}},"4":{"start":{"line":9,"column":12},"end":{"line":9,"column":24}},"5":{"start":{"line":14,"column":8},"end":{"line":31,"column":9}},"6":{"start":{"line":15,"column":27},"end":{"line":15,"column":35}},"7":{"start":{"line":16,"column":25},"end":{"line":16,"column":34}},"8":{"start":{"line":17,"column":27},"end":{"line":17,"column":37}},"9":{"start":{"line":19,"column":35},"end":{"line":25,"column":14}},"10":{"start":{"line":20,"column":16},"end":{"line":24,"column":18}},"11":{"start":{"line":27,"column":29},"end":{"line":27,"column":66}},"12":{"start":{"line":28,"column":12},"end":{"line":28,"column":43}},"13":{"start":{"line":30,"column":12},"end":{"line":30,"column":24}},"14":{"start":{"line":35,"column":8},"end":{"line":45,"column":9}},"15":{"start":{"line":36,"column":27},"end":{"line":36,"column":37}},"16":{"start":{"line":37,"column":29},"end":{"line":37,"column":52}},"17":{"start":{"line":38,"column":12},"end":{"line":40,"column":13}},"18":{"start":{"line":39,"column":16},"end":{"line":39,"column":48}},"19":{"start":{"line":41,"column":12},"end":{"line":41,"column":50}},"20":{"start":{"line":42,"column":12},"end":{"line":42,"column":67}},"21":{"start":{"line":44,"column":12},"end":{"line":44,"column":24}},"22":{"start":{"line":49,"column":0},"end":{"line":49,"column":31}}},"fnMap":{"0":{"name":"(anonymous_0)","decl":{"start":{"line":4,"column":4},"end":{"line":4,"column":5}},"loc":{"start":{"line":4,"column":44},"end":{"line":11,"column":5}},"line":4},"1":{"name":"(anonymous_1)","decl":{"start":{"line":13,"column":4},"end":{"line":13,"column":5}},"loc":{"start":{"line":13,"column":44},"end":{"line":32,"column":5}},"line":13},"2":{"name":"(anonymous_2)","decl":{"start":{"line":19,"column":46},"end":{"line":19,"column":47}},"loc":{"start":{"line":19,"column":57},"end":{"line":25,"column":13}},"line":19},"3":{"name":"(anonymous_3)","decl":{"start":{"line":34,"column":4},"end":{"line":34,"column":5}},"loc":{"start":{"line":34,"column":44},"end":{"line":46,"column":5}},"line":34}},"branchMap":{"0":{"loc":{"start":{"line":38,"column":12},"end":{"line":40,"column":13}},"type":"if","locations":[{"start":{"line":38,"column":12},"end":{"line":40,"column":13}},{"start":{},"end":{}}],"line":38}},"s":{"0":3,"1":0,"2":0,"3":0,"4":0,"5":0,"6":0,"7":0,"8":0,"9":0,"10":0,"11":0,"12":0,"13":0,"14":0,"15":0,"16":0,"17":0,"18":0,"19":0,"20":0,"21":0,"22":3},"f":{"0":0,"1":0,"2":0,"3":0},"b":{"0":[0,0]},"_coverageSchema":"1a1c01bbd47fc00a2c39e90264f33305004495a9","hash":"626450fc60ef5e7654a9c267f6817a1e08094a0d"}
,"/Users/raihanqowi/Documents/Final-ProJek/wanderia/server/services/partner/controllers/userController.js": {"path":"/Users/raihanqowi/Documents/Final-ProJek/wanderia/server/services/partner/controllers/userController.js","statementMap":{"0":{"start":{"line":1,"column":24},"end":{"line":1,"column":52}},"1":{"start":{"line":2,"column":24},"end":{"line":2,"column":49}},"2":{"start":{"line":3,"column":20},"end":{"line":3,"column":46}},"3":{"start":{"line":6,"column":8},"end":{"line":12,"column":9}},"4":{"start":{"line":7,"column":46},"end":{"line":7,"column":54}},"5":{"start":{"line":8,"column":25},"end":{"line":8,"column":72}},"6":{"start":{"line":9,"column":12},"end":{"line":9,"column":39}},"7":{"start":{"line":11,"column":12},"end":{"line":11,"column":24}},"8":{"start":{"line":16,"column":8},"end":{"line":40,"column":9}},"9":{"start":{"line":17,"column":40},"end":{"line":17,"column":48}},"10":{"start":{"line":18,"column":12},"end":{"line":20,"column":13}},"11":{"start":{"line":19,"column":16},"end":{"line":19,"column":48}},"12":{"start":{"line":21,"column":12},"end":{"line":23,"column":13}},"13":{"start":{"line":22,"column":16},"end":{"line":22,"column":51}},"14":{"start":{"line":25,"column":28},"end":{"line":25,"column":71}},"15":{"start":{"line":26,"column":12},"end":{"line":28,"column":13}},"16":{"start":{"line":27,"column":16},"end":{"line":27,"column":53}},"17":{"start":{"line":29,"column":29},"end":{"line":29,"column":68}},"18":{"start":{"line":31,"column":12},"end":{"line":33,"column":13}},"19":{"start":{"line":32,"column":16},"end":{"line":32,"column":53}},"20":{"start":{"line":34,"column":28},"end":{"line":34,"column":66}},"21":{"start":{"line":35,"column":33},"end":{"line":35,"column":53}},"22":{"start":{"line":37,"column":12},"end":{"line":37,"column":51}},"23":{"start":{"line":39,"column":12},"end":{"line":39,"column":24}},"24":{"start":{"line":44,"column":0},"end":{"line":44,"column":32}}},"fnMap":{"0":{"name":"(anonymous_0)","decl":{"start":{"line":5,"column":4},"end":{"line":5,"column":5}},"loc":{"start":{"line":5,"column":42},"end":{"line":13,"column":5}},"line":5},"1":{"name":"(anonymous_1)","decl":{"start":{"line":15,"column":4},"end":{"line":15,"column":5}},"loc":{"start":{"line":15,"column":39},"end":{"line":41,"column":5}},"line":15}},"branchMap":{"0":{"loc":{"start":{"line":18,"column":12},"end":{"line":20,"column":13}},"type":"if","locations":[{"start":{"line":18,"column":12},"end":{"line":20,"column":13}},{"start":{},"end":{}}],"line":18},"1":{"loc":{"start":{"line":21,"column":12},"end":{"line":23,"column":13}},"type":"if","locations":[{"start":{"line":21,"column":12},"end":{"line":23,"column":13}},{"start":{},"end":{}}],"line":21},"2":{"loc":{"start":{"line":26,"column":12},"end":{"line":28,"column":13}},"type":"if","locations":[{"start":{"line":26,"column":12},"end":{"line":28,"column":13}},{"start":{},"end":{}}],"line":26},"3":{"loc":{"start":{"line":31,"column":12},"end":{"line":33,"column":13}},"type":"if","locations":[{"start":{"line":31,"column":12},"end":{"line":33,"column":13}},{"start":{},"end":{}}],"line":31}},"s":{"0":3,"1":3,"2":3,"3":2,"4":2,"5":2,"6":1,"7":1,"8":5,"9":5,"10":5,"11":1,"12":4,"13":1,"14":3,"15":3,"16":1,"17":2,"18":2,"19":1,"20":1,"21":1,"22":1,"23":4,"24":3},"f":{"0":2,"1":5},"b":{"0":[1,4],"1":[1,3],"2":[1,2],"3":[1,1]},"_coverageSchema":"1a1c01bbd47fc00a2c39e90264f33305004495a9","hash":"84da2a44dc4a66308fbacebae16bf081e0355def"}
,"/Users/raihanqowi/Documents/Final-ProJek/wanderia/server/services/partner/helpers/bcrypt.js": {"path":"/Users/raihanqowi/Documents/Final-ProJek/wanderia/server/services/partner/helpers/bcrypt.js","statementMap":{"0":{"start":{"line":1,"column":15},"end":{"line":1,"column":34}},"1":{"start":{"line":3,"column":21},"end":{"line":5,"column":1}},"2":{"start":{"line":4,"column":4},"end":{"line":4,"column":41}},"3":{"start":{"line":7,"column":20},"end":{"line":9,"column":1}},"4":{"start":{"line":8,"column":4},"end":{"line":8,"column":54}},"5":{"start":{"line":11,"column":0},"end":{"line":11,"column":47}}},"fnMap":{"0":{"name":"(anonymous_0)","decl":{"start":{"line":3,"column":21},"end":{"line":3,"column":22}},"loc":{"start":{"line":3,"column":41},"end":{"line":5,"column":1}},"line":3},"1":{"name":"(anonymous_1)","decl":{"start":{"line":7,"column":20},"end":{"line":7,"column":21}},"loc":{"start":{"line":7,"column":54},"end":{"line":9,"column":1}},"line":7}},"branchMap":{},"s":{"0":3,"1":3,"2":9,"3":3,"4":2,"5":3},"f":{"0":9,"1":2},"b":{},"_coverageSchema":"1a1c01bbd47fc00a2c39e90264f33305004495a9","hash":"ec2abb5864d03747364299f9c4eab133e0a75d0a"}
,"/Users/raihanqowi/Documents/Final-ProJek/wanderia/server/services/partner/helpers/jwt.js": {"path":"/Users/raihanqowi/Documents/Final-ProJek/wanderia/server/services/partner/helpers/jwt.js","statementMap":{"0":{"start":{"line":1,"column":12},"end":{"line":1,"column":35}},"1":{"start":{"line":3,"column":15},"end":{"line":3,"column":38}},"2":{"start":{"line":5,"column":20},"end":{"line":7,"column":1}},"3":{"start":{"line":6,"column":4},"end":{"line":6,"column":37}},"4":{"start":{"line":9,"column":21},"end":{"line":11,"column":1}},"5":{"start":{"line":10,"column":4},"end":{"line":10,"column":37}},"6":{"start":{"line":13,"column":0},"end":{"line":13,"column":47}}},"fnMap":{"0":{"name":"(anonymous_0)","decl":{"start":{"line":5,"column":20},"end":{"line":5,"column":21}},"loc":{"start":{"line":5,"column":39},"end":{"line":7,"column":1}},"line":5},"1":{"name":"(anonymous_1)","decl":{"start":{"line":9,"column":21},"end":{"line":9,"column":22}},"loc":{"start":{"line":9,"column":38},"end":{"line":11,"column":1}},"line":9}},"branchMap":{},"s":{"0":3,"1":3,"2":3,"3":3,"4":3,"5":10,"6":3},"f":{"0":3,"1":10},"b":{},"_coverageSchema":"1a1c01bbd47fc00a2c39e90264f33305004495a9","hash":"9396e71151d07470dd7fc060a2de9b44a36f526c"}
,"/Users/raihanqowi/Documents/Final-ProJek/wanderia/server/services/partner/middleware/auth.js": {"path":"/Users/raihanqowi/Documents/Final-ProJek/wanderia/server/services/partner/middleware/auth.js","statementMap":{"0":{"start":{"line":1,"column":40},"end":{"line":1,"column":66}},"1":{"start":{"line":2,"column":25},"end":{"line":2,"column":50}},"2":{"start":{"line":5,"column":4},"end":{"line":29,"column":5}},"3":{"start":{"line":6,"column":27},"end":{"line":6,"column":51}},"4":{"start":{"line":8,"column":8},"end":{"line":10,"column":9}},"5":{"start":{"line":9,"column":12},"end":{"line":9,"column":46}},"6":{"start":{"line":12,"column":22},"end":{"line":12,"column":48}},"7":{"start":{"line":15,"column":19},"end":{"line":15,"column":53}},"8":{"start":{"line":17,"column":8},"end":{"line":19,"column":9}},"9":{"start":{"line":18,"column":12},"end":{"line":18,"column":46}},"10":{"start":{"line":21,"column":8},"end":{"line":25,"column":10}},"11":{"start":{"line":26,"column":8},"end":{"line":26,"column":15}},"12":{"start":{"line":28,"column":8},"end":{"line":28,"column":20}},"13":{"start":{"line":33,"column":4},"end":{"line":51,"column":5}},"14":{"start":{"line":34,"column":23},"end":{"line":34,"column":33}},"15":{"start":{"line":37,"column":21},"end":{"line":39,"column":10}},"16":{"start":{"line":41,"column":8},"end":{"line":43,"column":9}},"17":{"start":{"line":42,"column":12},"end":{"line":42,"column":44}},"18":{"start":{"line":44,"column":8},"end":{"line":48,"column":9}},"19":{"start":{"line":45,"column":12},"end":{"line":45,"column":19}},"20":{"start":{"line":47,"column":12},"end":{"line":47,"column":40}},"21":{"start":{"line":50,"column":8},"end":{"line":50,"column":20}},"22":{"start":{"line":54,"column":0},"end":{"line":57,"column":2}}},"fnMap":{"0":{"name":"authentication","decl":{"start":{"line":4,"column":15},"end":{"line":4,"column":29}},"loc":{"start":{"line":4,"column":46},"end":{"line":30,"column":1}},"line":4},"1":{"name":"authorization","decl":{"start":{"line":32,"column":15},"end":{"line":32,"column":28}},"loc":{"start":{"line":32,"column":45},"end":{"line":52,"column":1}},"line":32}},"branchMap":{"0":{"loc":{"start":{"line":8,"column":8},"end":{"line":10,"column":9}},"type":"if","locations":[{"start":{"line":8,"column":8},"end":{"line":10,"column":9}},{"start":{},"end":{}}],"line":8},"1":{"loc":{"start":{"line":17,"column":8},"end":{"line":19,"column":9}},"type":"if","locations":[{"start":{"line":17,"column":8},"end":{"line":19,"column":9}},{"start":{},"end":{}}],"line":17},"2":{"loc":{"start":{"line":41,"column":8},"end":{"line":43,"column":9}},"type":"if","locations":[{"start":{"line":41,"column":8},"end":{"line":43,"column":9}},{"start":{},"end":{}}],"line":41},"3":{"loc":{"start":{"line":44,"column":8},"end":{"line":48,"column":9}},"type":"if","locations":[{"start":{"line":44,"column":8},"end":{"line":48,"column":9}},{"start":{"line":46,"column":15},"end":{"line":48,"column":9}}],"line":44}},"s":{"0":3,"1":3,"2":10,"3":10,"4":10,"5":0,"6":10,"7":10,"8":10,"9":0,"10":10,"11":10,"12":0,"13":2,"14":2,"15":2,"16":2,"17":1,"18":1,"19":1,"20":0,"21":1,"22":3},"f":{"0":10,"1":2},"b":{"0":[0,10],"1":[0,10],"2":[1,1],"3":[1,0]},"_coverageSchema":"1a1c01bbd47fc00a2c39e90264f33305004495a9","hash":"1fbadad2efcf152ef7155ba1643965e54a887016"}
,"/Users/raihanqowi/Documents/Final-ProJek/wanderia/server/services/partner/middleware/handleError.js": {"path":"/Users/raihanqowi/Documents/Final-ProJek/wanderia/server/services/partner/middleware/handleError.js","statementMap":{"0":{"start":{"line":2,"column":14},"end":{"line":2,"column":37}},"1":{"start":{"line":3,"column":17},"end":{"line":3,"column":20}},"2":{"start":{"line":5,"column":4},"end":{"line":40,"column":5}},"3":{"start":{"line":8,"column":12},"end":{"line":8,"column":25}},"4":{"start":{"line":9,"column":12},"end":{"line":9,"column":42}},"5":{"start":{"line":10,"column":12},"end":{"line":10,"column":18}},"6":{"start":{"line":12,"column":12},"end":{"line":12,"column":25}},"7":{"start":{"line":13,"column":12},"end":{"line":13,"column":35}},"8":{"start":{"line":14,"column":12},"end":{"line":14,"column":18}},"9":{"start":{"line":16,"column":12},"end":{"line":16,"column":25}},"10":{"start":{"line":17,"column":12},"end":{"line":17,"column":38}},"11":{"start":{"line":18,"column":12},"end":{"line":18,"column":18}},"12":{"start":{"line":24,"column":12},"end":{"line":24,"column":25}},"13":{"start":{"line":25,"column":12},"end":{"line":25,"column":56}},"14":{"start":{"line":26,"column":12},"end":{"line":26,"column":18}},"15":{"start":{"line":29,"column":12},"end":{"line":29,"column":25}},"16":{"start":{"line":30,"column":12},"end":{"line":30,"column":37}},"17":{"start":{"line":31,"column":12},"end":{"line":31,"column":18}},"18":{"start":{"line":33,"column":12},"end":{"line":33,"column":25}},"19":{"start":{"line":34,"column":12},"end":{"line":34,"column":42}},"20":{"start":{"line":35,"column":12},"end":{"line":35,"column":18}},"21":{"start":{"line":37,"column":12},"end":{"line":37,"column":25}},"22":{"start":{"line":38,"column":12},"end":{"line":38,"column":36}},"23":{"start":{"line":39,"column":12},"end":{"line":39,"column":18}},"24":{"start":{"line":42,"column":4},"end":{"line":44,"column":7}},"25":{"start":{"line":47,"column":0},"end":{"line":47,"column":29}}},"fnMap":{"0":{"name":"handleError","decl":{"start":{"line":1,"column":9},"end":{"line":1,"column":20}},"loc":{"start":{"line":1,"column":44},"end":{"line":45,"column":1}},"line":1}},"branchMap":{"0":{"loc":{"start":{"line":5,"column":4},"end":{"line":40,"column":5}},"type":"switch","locations":[{"start":{"line":6,"column":8},"end":{"line":6,"column":40}},{"start":{"line":7,"column":8},"end":{"line":10,"column":18}},{"start":{"line":11,"column":8},"end":{"line":14,"column":18}},{"start":{"line":15,"column":8},"end":{"line":18,"column":18}},{"start":{"line":23,"column":8},"end":{"line":26,"column":18}},{"start":{"line":27,"column":8},"end":{"line":27,"column":31}},{"start":{"line":28,"column":8},"end":{"line":31,"column":18}},{"start":{"line":32,"column":8},"end":{"line":35,"column":18}},{"start":{"line":36,"column":8},"end":{"line":39,"column":18}}],"line":5}},"s":{"0":10,"1":10,"2":10,"3":2,"4":2,"5":2,"6":1,"7":1,"8":1,"9":1,"10":1,"11":1,"12":2,"13":2,"14":2,"15":0,"16":0,"17":0,"18":0,"19":0,"20":0,"21":1,"22":1,"23":1,"24":10,"25":3},"f":{"0":10},"b":{"0":[2,2,1,1,2,0,0,0,1]},"_coverageSchema":"1a1c01bbd47fc00a2c39e90264f33305004495a9","hash":"c43ba7676547859e88da37ea911051ebe57e2bad"}
,"/Users/raihanqowi/Documents/Final-ProJek/wanderia/server/services/partner/models/business.js": {"path":"/Users/raihanqowi/Documents/Final-ProJek/wanderia/server/services/partner/models/business.js","statementMap":{"0":{"start":{"line":2,"column":18},"end":{"line":2,"column":38}},"1":{"start":{"line":3,"column":0},"end":{"line":102,"column":2}},"2":{"start":{"line":12,"column":12},"end":{"line":15,"column":15}},"3":{"start":{"line":16,"column":12},"end":{"line":19,"column":15}},"4":{"start":{"line":20,"column":12},"end":{"line":23,"column":15}},"5":{"start":{"line":26,"column":4},"end":{"line":78,"column":6}},"6":{"start":{"line":79,"column":4},"end":{"line":89,"column":7}},"7":{"start":{"line":80,"column":28},"end":{"line":80,"column":54}},"8":{"start":{"line":82,"column":8},"end":{"line":86,"column":11}},"9":{"start":{"line":83,"column":12},"end":{"line":85,"column":13}},"10":{"start":{"line":84,"column":16},"end":{"line":84,"column":47}},"11":{"start":{"line":87,"column":8},"end":{"line":87,"column":37}},"12":{"start":{"line":88,"column":8},"end":{"line":88,"column":38}},"13":{"start":{"line":90,"column":4},"end":{"line":100,"column":7}},"14":{"start":{"line":91,"column":28},"end":{"line":91,"column":54}},"15":{"start":{"line":93,"column":8},"end":{"line":97,"column":11}},"16":{"start":{"line":94,"column":12},"end":{"line":96,"column":13}},"17":{"start":{"line":95,"column":16},"end":{"line":95,"column":47}},"18":{"start":{"line":98,"column":8},"end":{"line":98,"column":37}},"19":{"start":{"line":99,"column":8},"end":{"line":99,"column":38}},"20":{"start":{"line":101,"column":4},"end":{"line":101,"column":20}}},"fnMap":{"0":{"name":"(anonymous_0)","decl":{"start":{"line":3,"column":17},"end":{"line":3,"column":18}},"loc":{"start":{"line":3,"column":43},"end":{"line":102,"column":1}},"line":3},"1":{"name":"(anonymous_1)","decl":{"start":{"line":10,"column":8},"end":{"line":10,"column":9}},"loc":{"start":{"line":10,"column":33},"end":{"line":24,"column":9}},"line":10},"2":{"name":"(anonymous_2)","decl":{"start":{"line":79,"column":26},"end":{"line":79,"column":27}},"loc":{"start":{"line":79,"column":46},"end":{"line":89,"column":5}},"line":79},"3":{"name":"(anonymous_3)","decl":{"start":{"line":82,"column":26},"end":{"line":82,"column":27}},"loc":{"start":{"line":82,"column":40},"end":{"line":86,"column":9}},"line":82},"4":{"name":"(anonymous_4)","decl":{"start":{"line":90,"column":26},"end":{"line":90,"column":27}},"loc":{"start":{"line":90,"column":46},"end":{"line":100,"column":5}},"line":90},"5":{"name":"(anonymous_5)","decl":{"start":{"line":93,"column":26},"end":{"line":93,"column":27}},"loc":{"start":{"line":93,"column":40},"end":{"line":97,"column":9}},"line":93}},"branchMap":{"0":{"loc":{"start":{"line":83,"column":12},"end":{"line":85,"column":13}},"type":"if","locations":[{"start":{"line":83,"column":12},"end":{"line":85,"column":13}},{"start":{},"end":{}}],"line":83},"1":{"loc":{"start":{"line":94,"column":12},"end":{"line":96,"column":13}},"type":"if","locations":[{"start":{"line":94,"column":12},"end":{"line":96,"column":13}},{"start":{},"end":{}}],"line":94}},"s":{"0":3,"1":3,"2":3,"3":3,"4":3,"5":3,"6":3,"7":1,"8":1,"9":8,"10":1,"11":1,"12":1,"13":3,"14":0,"15":0,"16":0,"17":0,"18":0,"19":0,"20":3},"f":{"0":3,"1":3,"2":1,"3":8,"4":0,"5":0},"b":{"0":[1,7],"1":[0,0]},"_coverageSchema":"1a1c01bbd47fc00a2c39e90264f33305004495a9","hash":"7a483d0d923b6be28633e16064a8ad303e8774a0"}
,"/Users/raihanqowi/Documents/Final-ProJek/wanderia/server/services/partner/models/category.js": {"path":"/Users/raihanqowi/Documents/Final-ProJek/wanderia/server/services/partner/models/category.js","statementMap":{"0":{"start":{"line":2,"column":18},"end":{"line":2,"column":38}},"1":{"start":{"line":3,"column":0},"end":{"line":29,"column":2}},"2":{"start":{"line":12,"column":12},"end":{"line":15,"column":15}},"3":{"start":{"line":18,"column":4},"end":{"line":27,"column":6}},"4":{"start":{"line":28,"column":4},"end":{"line":28,"column":20}}},"fnMap":{"0":{"name":"(anonymous_0)","decl":{"start":{"line":3,"column":17},"end":{"line":3,"column":18}},"loc":{"start":{"line":3,"column":43},"end":{"line":29,"column":1}},"line":3},"1":{"name":"(anonymous_1)","decl":{"start":{"line":10,"column":8},"end":{"line":10,"column":9}},"loc":{"start":{"line":10,"column":33},"end":{"line":16,"column":9}},"line":10}},"branchMap":{},"s":{"0":3,"1":3,"2":3,"3":3,"4":3},"f":{"0":3,"1":3},"b":{},"_coverageSchema":"1a1c01bbd47fc00a2c39e90264f33305004495a9","hash":"6c8986b502219a37b5b203b584522a43c27141d2"}
,"/Users/raihanqowi/Documents/Final-ProJek/wanderia/server/services/partner/models/index.js": {"path":"/Users/raihanqowi/Documents/Final-ProJek/wanderia/server/services/partner/models/index.js","statementMap":{"0":{"start":{"line":3,"column":11},"end":{"line":3,"column":24}},"1":{"start":{"line":4,"column":13},"end":{"line":4,"column":28}},"2":{"start":{"line":5,"column":18},"end":{"line":5,"column":38}},"3":{"start":{"line":6,"column":16},"end":{"line":6,"column":34}},"4":{"start":{"line":7,"column":17},"end":{"line":7,"column":42}},"5":{"start":{"line":8,"column":12},"end":{"line":8,"column":49}},"6":{"start":{"line":9,"column":15},"end":{"line":9,"column":65}},"7":{"start":{"line":10,"column":11},"end":{"line":10,"column":13}},"8":{"start":{"line":13,"column":0},"end":{"line":17,"column":1}},"9":{"start":{"line":14,"column":2},"end":{"line":14,"column":74}},"10":{"start":{"line":16,"column":2},"end":{"line":16,"column":87}},"11":{"start":{"line":19,"column":0},"end":{"line":27,"column":5}},"12":{"start":{"line":22,"column":4},"end":{"line":22,"column":90}},"13":{"start":{"line":25,"column":18},"end":{"line":25,"column":85}},"14":{"start":{"line":26,"column":4},"end":{"line":26,"column":27}},"15":{"start":{"line":29,"column":0},"end":{"line":33,"column":3}},"16":{"start":{"line":30,"column":2},"end":{"line":32,"column":3}},"17":{"start":{"line":31,"column":4},"end":{"line":31,"column":32}},"18":{"start":{"line":35,"column":0},"end":{"line":35,"column":25}},"19":{"start":{"line":36,"column":0},"end":{"line":36,"column":25}},"20":{"start":{"line":38,"column":0},"end":{"line":38,"column":20}}},"fnMap":{"0":{"name":"(anonymous_0)","decl":{"start":{"line":21,"column":10},"end":{"line":21,"column":11}},"loc":{"start":{"line":21,"column":18},"end":{"line":23,"column":3}},"line":21},"1":{"name":"(anonymous_1)","decl":{"start":{"line":24,"column":11},"end":{"line":24,"column":12}},"loc":{"start":{"line":24,"column":19},"end":{"line":27,"column":3}},"line":24},"2":{"name":"(anonymous_2)","decl":{"start":{"line":29,"column":24},"end":{"line":29,"column":25}},"loc":{"start":{"line":29,"column":37},"end":{"line":33,"column":1}},"line":29}},"branchMap":{"0":{"loc":{"start":{"line":8,"column":12},"end":{"line":8,"column":49}},"type":"binary-expr","locations":[{"start":{"line":8,"column":12},"end":{"line":8,"column":32}},{"start":{"line":8,"column":36},"end":{"line":8,"column":49}}],"line":8},"1":{"loc":{"start":{"line":13,"column":0},"end":{"line":17,"column":1}},"type":"if","locations":[{"start":{"line":13,"column":0},"end":{"line":17,"column":1}},{"start":{"line":15,"column":7},"end":{"line":17,"column":1}}],"line":13},"2":{"loc":{"start":{"line":22,"column":11},"end":{"line":22,"column":89}},"type":"binary-expr","locations":[{"start":{"line":22,"column":12},"end":{"line":22,"column":35}},{"start":{"line":22,"column":41},"end":{"line":22,"column":58}},{"start":{"line":22,"column":64},"end":{"line":22,"column":88}}],"line":22},"3":{"loc":{"start":{"line":30,"column":2},"end":{"line":32,"column":3}},"type":"if","locations":[{"start":{"line":30,"column":2},"end":{"line":32,"column":3}},{"start":{},"end":{}}],"line":30}},"s":{"0":3,"1":3,"2":3,"3":3,"4":3,"5":3,"6":3,"7":3,"8":3,"9":0,"10":3,"11":3,"12":15,"13":12,"14":12,"15":3,"16":12,"17":12,"18":3,"19":3,"20":3},"f":{"0":15,"1":12,"2":12},"b":{"0":[3,0],"1":[0,3],"2":[15,15,12],"3":[12,0]},"_coverageSchema":"1a1c01bbd47fc00a2c39e90264f33305004495a9","hash":"3548d7eeb9d05431ec726cd3efe6d91a6618b507"}
,"/Users/raihanqowi/Documents/Final-ProJek/wanderia/server/services/partner/models/partner.js": {"path":"/Users/raihanqowi/Documents/Final-ProJek/wanderia/server/services/partner/models/partner.js","statementMap":{"0":{"start":{"line":2,"column":18},"end":{"line":2,"column":38}},"1":{"start":{"line":3,"column":25},"end":{"line":3,"column":53}},"2":{"start":{"line":4,"column":0},"end":{"line":67,"column":2}},"3":{"start":{"line":13,"column":12},"end":{"line":16,"column":15}},"4":{"start":{"line":19,"column":4},"end":{"line":62,"column":6}},"5":{"start":{"line":63,"column":4},"end":{"line":65,"column":7}},"6":{"start":{"line":64,"column":8},"end":{"line":64,"column":58}},"7":{"start":{"line":66,"column":4},"end":{"line":66,"column":19}}},"fnMap":{"0":{"name":"(anonymous_0)","decl":{"start":{"line":4,"column":17},"end":{"line":4,"column":18}},"loc":{"start":{"line":4,"column":43},"end":{"line":67,"column":1}},"line":4},"1":{"name":"(anonymous_1)","decl":{"start":{"line":11,"column":8},"end":{"line":11,"column":9}},"loc":{"start":{"line":11,"column":33},"end":{"line":17,"column":9}},"line":11},"2":{"name":"(anonymous_2)","decl":{"start":{"line":63,"column":25},"end":{"line":63,"column":26}},"loc":{"start":{"line":63,"column":44},"end":{"line":65,"column":5}},"line":63}},"branchMap":{},"s":{"0":3,"1":3,"2":3,"3":3,"4":3,"5":3,"6":3,"7":3},"f":{"0":3,"1":3,"2":3},"b":{},"_coverageSchema":"1a1c01bbd47fc00a2c39e90264f33305004495a9","hash":"9458f96c59663fb4c6c425931ec228dc910fb680"}
,"/Users/raihanqowi/Documents/Final-ProJek/wanderia/server/services/partner/models/post.js": {"path":"/Users/raihanqowi/Documents/Final-ProJek/wanderia/server/services/partner/models/post.js","statementMap":{"0":{"start":{"line":2,"column":18},"end":{"line":2,"column":38}},"1":{"start":{"line":3,"column":0},"end":{"line":41,"column":2}},"2":{"start":{"line":12,"column":6},"end":{"line":15,"column":9}},"3":{"start":{"line":18,"column":2},"end":{"line":39,"column":4}},"4":{"start":{"line":40,"column":2},"end":{"line":40,"column":14}}},"fnMap":{"0":{"name":"(anonymous_0)","decl":{"start":{"line":3,"column":17},"end":{"line":3,"column":18}},"loc":{"start":{"line":3,"column":43},"end":{"line":41,"column":1}},"line":3},"1":{"name":"(anonymous_1)","decl":{"start":{"line":10,"column":4},"end":{"line":10,"column":5}},"loc":{"start":{"line":10,"column":29},"end":{"line":16,"column":5}},"line":10}},"branchMap":{},"s":{"0":3,"1":3,"2":3,"3":3,"4":3},"f":{"0":3,"1":3},"b":{},"_coverageSchema":"1a1c01bbd47fc00a2c39e90264f33305004495a9","hash":"377f4832ff8862a98ea84073d85db5a2d4385e84"}
,"/Users/raihanqowi/Documents/Final-ProJek/wanderia/server/services/partner/routes/index.js": {"path":"/Users/raihanqowi/Documents/Final-ProJek/wanderia/server/services/partner/routes/index.js","statementMap":{"0":{"start":{"line":1,"column":16},"end":{"line":1,"column":34}},"1":{"start":{"line":2,"column":27},"end":{"line":2,"column":70}},"2":{"start":{"line":3,"column":27},"end":{"line":3,"column":71}},"3":{"start":{"line":4,"column":23},"end":{"line":4,"column":63}},"4":{"start":{"line":5,"column":42},"end":{"line":5,"column":71}},"5":{"start":{"line":6,"column":15},"end":{"line":6,"column":31}},"6":{"start":{"line":7,"column":19},"end":{"line":7,"column":41}},"7":{"start":{"line":9,"column":0},"end":{"line":9,"column":58}},"8":{"start":{"line":10,"column":0},"end":{"line":10,"column":52}},"9":{"start":{"line":11,"column":0},"end":{"line":11,"column":27}},"10":{"start":{"line":12,"column":0},"end":{"line":12,"column":32}},"11":{"start":{"line":13,"column":0},"end":{"line":13,"column":61}},"12":{"start":{"line":14,"column":0},"end":{"line":14,"column":60}},"13":{"start":{"line":15,"column":0},"end":{"line":15,"column":59}},"14":{"start":{"line":16,"column":0},"end":{"line":16,"column":63}},"15":{"start":{"line":17,"column":0},"end":{"line":17,"column":78}},"16":{"start":{"line":19,"column":0},"end":{"line":19,"column":24}}},"fnMap":{},"branchMap":{},"s":{"0":3,"1":3,"2":3,"3":3,"4":3,"5":3,"6":3,"7":3,"8":3,"9":3,"10":3,"11":3,"12":3,"13":3,"14":3,"15":3,"16":3},"f":{},"b":{},"_coverageSchema":"1a1c01bbd47fc00a2c39e90264f33305004495a9","hash":"f3613e854558faa3cd6091ba7a75a63efa6225de"}
,"/Users/raihanqowi/Documents/Final-ProJek/wanderia/server/services/partner/routes/postRoute.js": {"path":"/Users/raihanqowi/Documents/Final-ProJek/wanderia/server/services/partner/routes/postRoute.js","statementMap":{"0":{"start":{"line":1,"column":16},"end":{"line":1,"column":34}},"1":{"start":{"line":2,"column":22},"end":{"line":2,"column":63}},"2":{"start":{"line":3,"column":19},"end":{"line":3,"column":35}},"3":{"start":{"line":5,"column":19},"end":{"line":5,"column":43}},"4":{"start":{"line":6,"column":30},"end":{"line":6,"column":66}},"5":{"start":{"line":7,"column":15},"end":{"line":7,"column":32}},"6":{"start":{"line":8,"column":26},"end":{"line":8,"column":55}},"7":{"start":{"line":11,"column":0},"end":{"line":15,"column":3}},"8":{"start":{"line":17,"column":16},"end":{"line":22,"column":2}},"9":{"start":{"line":23,"column":15},"end":{"line":23,"column":43}},"10":{"start":{"line":25,"column":0},"end":{"line":25,"column":46}},"11":{"start":{"line":26,"column":0},"end":{"line":31,"column":2}},"12":{"start":{"line":32,"column":0},"end":{"line":32,"column":52}},"13":{"start":{"line":34,"column":0},"end":{"line":34,"column":28}}},"fnMap":{},"branchMap":{},"s":{"0":3,"1":3,"2":3,"3":3,"4":3,"5":3,"6":3,"7":3,"8":3,"9":3,"10":3,"11":3,"12":3,"13":3},"f":{},"b":{},"_coverageSchema":"1a1c01bbd47fc00a2c39e90264f33305004495a9","hash":"4f79074e1ded0da116fd2a3bd0f68f7cecca973c"}
}
