{"/Users/raihanqowi/Documents/Final-ProJek/wanderia/server/services/partner/app.js": {"path":"/Users/raihanqowi/Documents/Final-ProJek/wanderia/server/services/partner/app.js","statementMap":{"0":{"start":{"line":1,"column":16},"end":{"line":1,"column":34}},"1":{"start":{"line":2,"column":12},"end":{"line":2,"column":21}},"2":{"start":{"line":3,"column":13},"end":{"line":3,"column":37}},"3":{"start":{"line":4,"column":13},"end":{"line":4,"column":28}},"4":{"start":{"line":5,"column":15},"end":{"line":5,"column":34}},"5":{"start":{"line":6,"column":20},"end":{"line":6,"column":55}},"6":{"start":{"line":8,"column":0},"end":{"line":8,"column":16}},"7":{"start":{"line":9,"column":0},"end":{"line":9,"column":24}},"8":{"start":{"line":10,"column":0},"end":{"line":10,"column":49}},"9":{"start":{"line":12,"column":0},"end":{"line":12,"column":21}},"10":{"start":{"line":13,"column":0},"end":{"line":13,"column":21}},"11":{"start":{"line":22,"column":0},"end":{"line":22,"column":21}}},"fnMap":{},"branchMap":{"0":{"loc":{"start":{"line":3,"column":13},"end":{"line":3,"column":37}},"type":"binary-expr","locations":[{"start":{"line":3,"column":13},"end":{"line":3,"column":29}},{"start":{"line":3,"column":33},"end":{"line":3,"column":37}}],"line":3}},"s":{"0":4,"1":4,"2":4,"3":4,"4":4,"5":4,"6":4,"7":4,"8":4,"9":4,"10":4,"11":4},"f":{},"b":{"0":[4,4]},"_coverageSchema":"1a1c01bbd47fc00a2c39e90264f33305004495a9","hash":"d2fc32233fc43408b57ee2c29ccbe5568cd1b5da"}
,"/Users/raihanqowi/Documents/Final-ProJek/wanderia/server/services/partner/controllers/businesController.js": {"path":"/Users/raihanqowi/Documents/Final-ProJek/wanderia/server/services/partner/controllers/businesController.js","statementMap":{"0":{"start":{"line":1,"column":46},"end":{"line":1,"column":72}},"1":{"start":{"line":4,"column":8},"end":{"line":38,"column":9}},"2":{"start":{"line":13,"column":16},"end":{"line":13,"column":24}},"3":{"start":{"line":14,"column":30},"end":{"line":14,"column":41}},"4":{"start":{"line":16,"column":12},"end":{"line":20,"column":15}},"5":{"start":{"line":17,"column":16},"end":{"line":19,"column":17}},"6":{"start":{"line":18,"column":20},"end":{"line":18,"column":51}},"7":{"start":{"line":21,"column":27},"end":{"line":21,"column":35}},"8":{"start":{"line":22,"column":28},"end":{"line":22,"column":36}},"9":{"start":{"line":23,"column":25},"end":{"line":34,"column":14}},"10":{"start":{"line":35,"column":12},"end":{"line":35,"column":39}},"11":{"start":{"line":37,"column":12},"end":{"line":37,"column":24}},"12":{"start":{"line":42,"column":8},"end":{"line":81,"column":9}},"13":{"start":{"line":43,"column":23},"end":{"line":43,"column":36}},"14":{"start":{"line":52,"column":16},"end":{"line":52,"column":24}},"15":{"start":{"line":54,"column":12},"end":{"line":58,"column":15}},"16":{"start":{"line":55,"column":16},"end":{"line":57,"column":17}},"17":{"start":{"line":56,"column":20},"end":{"line":56,"column":51}},"18":{"start":{"line":59,"column":27},"end":{"line":59,"column":35}},"19":{"start":{"line":60,"column":28},"end":{"line":60,"column":36}},"20":{"start":{"line":61,"column":25},"end":{"line":77,"column":13}},"21":{"start":{"line":78,"column":12},"end":{"line":78,"column":70}},"22":{"start":{"line":80,"column":12},"end":{"line":80,"column":24}},"23":{"start":{"line":85,"column":8},"end":{"line":107,"column":9}},"24":{"start":{"line":86,"column":25},"end":{"line":103,"column":14}},"25":{"start":{"line":104,"column":12},"end":{"line":104,"column":39}},"26":{"start":{"line":106,"column":12},"end":{"line":106,"column":24}},"27":{"start":{"line":111,"column":8},"end":{"line":135,"column":9}},"28":{"start":{"line":112,"column":27},"end":{"line":112,"column":37}},"29":{"start":{"line":114,"column":25},"end":{"line":131,"column":14}},"30":{"start":{"line":132,"column":12},"end":{"line":132,"column":39}},"31":{"start":{"line":134,"column":12},"end":{"line":134,"column":24}},"32":{"start":{"line":139,"column":8},"end":{"line":165,"column":9}},"33":{"start":{"line":140,"column":30},"end":{"line":140,"column":41}},"34":{"start":{"line":141,"column":25},"end":{"line":161,"column":14}},"35":{"start":{"line":162,"column":12},"end":{"line":162,"column":39}},"36":{"start":{"line":164,"column":12},"end":{"line":164,"column":24}},"37":{"start":{"line":188,"column":0},"end":{"line":188,"column":36}}},"fnMap":{"0":{"name":"(anonymous_0)","decl":{"start":{"line":3,"column":4},"end":{"line":3,"column":5}},"loc":{"start":{"line":3,"column":48},"end":{"line":39,"column":5}},"line":3},"1":{"name":"(anonymous_1)","decl":{"start":{"line":16,"column":34},"end":{"line":16,"column":35}},"loc":{"start":{"line":16,"column":48},"end":{"line":20,"column":13}},"line":16},"2":{"name":"(anonymous_2)","decl":{"start":{"line":41,"column":4},"end":{"line":41,"column":5}},"loc":{"start":{"line":41,"column":46},"end":{"line":82,"column":5}},"line":41},"3":{"name":"(anonymous_3)","decl":{"start":{"line":54,"column":34},"end":{"line":54,"column":35}},"loc":{"start":{"line":54,"column":48},"end":{"line":58,"column":13}},"line":54},"4":{"name":"(anonymous_4)","decl":{"start":{"line":84,"column":4},"end":{"line":84,"column":5}},"loc":{"start":{"line":84,"column":50},"end":{"line":108,"column":5}},"line":84},"5":{"name":"(anonymous_5)","decl":{"start":{"line":110,"column":4},"end":{"line":110,"column":5}},"loc":{"start":{"line":110,"column":48},"end":{"line":136,"column":5}},"line":110},"6":{"name":"(anonymous_6)","decl":{"start":{"line":138,"column":4},"end":{"line":138,"column":5}},"loc":{"start":{"line":138,"column":52},"end":{"line":166,"column":5}},"line":138}},"branchMap":{"0":{"loc":{"start":{"line":17,"column":16},"end":{"line":19,"column":17}},"type":"if","locations":[{"start":{"line":17,"column":16},"end":{"line":19,"column":17}},{"start":{},"end":{}}],"line":17},"1":{"loc":{"start":{"line":55,"column":16},"end":{"line":57,"column":17}},"type":"if","locations":[{"start":{"line":55,"column":16},"end":{"line":57,"column":17}},{"start":{},"end":{}}],"line":55}},"s":{"0":4,"1":2,"2":2,"3":2,"4":2,"5":16,"6":2,"7":2,"8":2,"9":2,"10":1,"11":1,"12":1,"13":1,"14":1,"15":1,"16":8,"17":1,"18":1,"19":1,"20":1,"21":1,"22":0,"23":2,"24":2,"25":1,"26":1,"27":2,"28":2,"29":2,"30":1,"31":1,"32":2,"33":2,"34":2,"35":1,"36":1,"37":4},"f":{"0":2,"1":16,"2":1,"3":8,"4":2,"5":2,"6":2},"b":{"0":[2,14],"1":[1,7]},"_coverageSchema":"1a1c01bbd47fc00a2c39e90264f33305004495a9","hash":"f6a82e43a0b19c03216d2570830dd8171394653c"}
,"/Users/raihanqowi/Documents/Final-ProJek/wanderia/server/services/partner/controllers/categoryController.js": {"path":"/Users/raihanqowi/Documents/Final-ProJek/wanderia/server/services/partner/controllers/categoryController.js","statementMap":{"0":{"start":{"line":1,"column":46},"end":{"line":1,"column":72}},"1":{"start":{"line":4,"column":8},"end":{"line":28,"column":9}},"2":{"start":{"line":5,"column":25},"end":{"line":24,"column":14}},"3":{"start":{"line":25,"column":12},"end":{"line":25,"column":39}},"4":{"start":{"line":27,"column":12},"end":{"line":27,"column":24}},"5":{"start":{"line":32,"column":8},"end":{"line":58,"column":9}},"6":{"start":{"line":33,"column":27},"end":{"line":33,"column":37}},"7":{"start":{"line":34,"column":25},"end":{"line":54,"column":14}},"8":{"start":{"line":55,"column":12},"end":{"line":55,"column":39}},"9":{"start":{"line":57,"column":12},"end":{"line":57,"column":24}},"10":{"start":{"line":62,"column":0},"end":{"line":62,"column":36}}},"fnMap":{"0":{"name":"(anonymous_0)","decl":{"start":{"line":3,"column":4},"end":{"line":3,"column":5}},"loc":{"start":{"line":3,"column":46},"end":{"line":29,"column":5}},"line":3},"1":{"name":"(anonymous_1)","decl":{"start":{"line":31,"column":4},"end":{"line":31,"column":5}},"loc":{"start":{"line":31,"column":48},"end":{"line":59,"column":5}},"line":31}},"branchMap":{},"s":{"0":4,"1":2,"2":2,"3":1,"4":1,"5":2,"6":2,"7":2,"8":1,"9":1,"10":4},"f":{"0":2,"1":2},"b":{},"_coverageSchema":"1a1c01bbd47fc00a2c39e90264f33305004495a9","hash":"8a63201d73abd03c6ccc922cd24d626f73f4b9fa"}
,"/Users/raihanqowi/Documents/Final-ProJek/wanderia/server/services/partner/controllers/postConstroller.js": {"path":"/Users/raihanqowi/Documents/Final-ProJek/wanderia/server/services/partner/controllers/postConstroller.js","statementMap":{"0":{"start":{"line":1,"column":27},"end":{"line":1,"column":47}},"1":{"start":{"line":5,"column":8},"end":{"line":10,"column":9}},"2":{"start":{"line":6,"column":25},"end":{"line":6,"column":45}},"3":{"start":{"line":7,"column":12},"end":{"line":7,"column":39}},"4":{"start":{"line":9,"column":12},"end":{"line":9,"column":24}},"5":{"start":{"line":14,"column":8},"end":{"line":23,"column":9}},"6":{"start":{"line":15,"column":27},"end":{"line":15,"column":37}},"7":{"start":{"line":16,"column":39},"end":{"line":16,"column":47}},"8":{"start":{"line":17,"column":29},"end":{"line":19,"column":14}},"9":{"start":{"line":20,"column":12},"end":{"line":20,"column":43}},"10":{"start":{"line":22,"column":12},"end":{"line":22,"column":24}},"11":{"start":{"line":27,"column":8},"end":{"line":37,"column":9}},"12":{"start":{"line":28,"column":27},"end":{"line":28,"column":37}},"13":{"start":{"line":29,"column":29},"end":{"line":29,"column":52}},"14":{"start":{"line":30,"column":12},"end":{"line":32,"column":13}},"15":{"start":{"line":31,"column":16},"end":{"line":31,"column":48}},"16":{"start":{"line":33,"column":12},"end":{"line":33,"column":50}},"17":{"start":{"line":34,"column":12},"end":{"line":34,"column":67}},"18":{"start":{"line":36,"column":12},"end":{"line":36,"column":24}},"19":{"start":{"line":41,"column":0},"end":{"line":41,"column":31}}},"fnMap":{"0":{"name":"(anonymous_0)","decl":{"start":{"line":4,"column":4},"end":{"line":4,"column":5}},"loc":{"start":{"line":4,"column":44},"end":{"line":11,"column":5}},"line":4},"1":{"name":"(anonymous_1)","decl":{"start":{"line":13,"column":4},"end":{"line":13,"column":5}},"loc":{"start":{"line":13,"column":44},"end":{"line":24,"column":5}},"line":13},"2":{"name":"(anonymous_2)","decl":{"start":{"line":26,"column":4},"end":{"line":26,"column":5}},"loc":{"start":{"line":26,"column":44},"end":{"line":38,"column":5}},"line":26}},"branchMap":{"0":{"loc":{"start":{"line":30,"column":12},"end":{"line":32,"column":13}},"type":"if","locations":[{"start":{"line":30,"column":12},"end":{"line":32,"column":13}},{"start":{},"end":{}}],"line":30}},"s":{"0":4,"1":2,"2":2,"3":1,"4":1,"5":2,"6":2,"7":2,"8":2,"9":1,"10":1,"11":1,"12":1,"13":1,"14":1,"15":0,"16":1,"17":1,"18":0,"19":4},"f":{"0":2,"1":2,"2":1},"b":{"0":[0,1]},"_coverageSchema":"1a1c01bbd47fc00a2c39e90264f33305004495a9","hash":"68480c41269b6654accdca54487bcb7e3c29ac36"}
,"/Users/raihanqowi/Documents/Final-ProJek/wanderia/server/services/partner/controllers/userController.js": {"path":"/Users/raihanqowi/Documents/Final-ProJek/wanderia/server/services/partner/controllers/userController.js","statementMap":{"0":{"start":{"line":1,"column":24},"end":{"line":1,"column":52}},"1":{"start":{"line":2,"column":24},"end":{"line":2,"column":49}},"2":{"start":{"line":3,"column":20},"end":{"line":3,"column":46}},"3":{"start":{"line":6,"column":8},"end":{"line":12,"column":9}},"4":{"start":{"line":7,"column":46},"end":{"line":7,"column":54}},"5":{"start":{"line":8,"column":25},"end":{"line":8,"column":72}},"6":{"start":{"line":9,"column":12},"end":{"line":9,"column":39}},"7":{"start":{"line":11,"column":12},"end":{"line":11,"column":24}},"8":{"start":{"line":16,"column":8},"end":{"line":40,"column":9}},"9":{"start":{"line":17,"column":40},"end":{"line":17,"column":48}},"10":{"start":{"line":18,"column":12},"end":{"line":20,"column":13}},"11":{"start":{"line":19,"column":16},"end":{"line":19,"column":48}},"12":{"start":{"line":21,"column":12},"end":{"line":23,"column":13}},"13":{"start":{"line":22,"column":16},"end":{"line":22,"column":51}},"14":{"start":{"line":25,"column":28},"end":{"line":25,"column":71}},"15":{"start":{"line":26,"column":12},"end":{"line":28,"column":13}},"16":{"start":{"line":27,"column":16},"end":{"line":27,"column":53}},"17":{"start":{"line":29,"column":29},"end":{"line":29,"column":68}},"18":{"start":{"line":31,"column":12},"end":{"line":33,"column":13}},"19":{"start":{"line":32,"column":16},"end":{"line":32,"column":53}},"20":{"start":{"line":34,"column":28},"end":{"line":34,"column":66}},"21":{"start":{"line":35,"column":33},"end":{"line":35,"column":53}},"22":{"start":{"line":37,"column":12},"end":{"line":37,"column":51}},"23":{"start":{"line":39,"column":12},"end":{"line":39,"column":24}},"24":{"start":{"line":44,"column":0},"end":{"line":44,"column":32}}},"fnMap":{"0":{"name":"(anonymous_0)","decl":{"start":{"line":5,"column":4},"end":{"line":5,"column":5}},"loc":{"start":{"line":5,"column":42},"end":{"line":13,"column":5}},"line":5},"1":{"name":"(anonymous_1)","decl":{"start":{"line":15,"column":4},"end":{"line":15,"column":5}},"loc":{"start":{"line":15,"column":39},"end":{"line":41,"column":5}},"line":15}},"branchMap":{"0":{"loc":{"start":{"line":18,"column":12},"end":{"line":20,"column":13}},"type":"if","locations":[{"start":{"line":18,"column":12},"end":{"line":20,"column":13}},{"start":{},"end":{}}],"line":18},"1":{"loc":{"start":{"line":21,"column":12},"end":{"line":23,"column":13}},"type":"if","locations":[{"start":{"line":21,"column":12},"end":{"line":23,"column":13}},{"start":{},"end":{}}],"line":21},"2":{"loc":{"start":{"line":26,"column":12},"end":{"line":28,"column":13}},"type":"if","locations":[{"start":{"line":26,"column":12},"end":{"line":28,"column":13}},{"start":{},"end":{}}],"line":26},"3":{"loc":{"start":{"line":31,"column":12},"end":{"line":33,"column":13}},"type":"if","locations":[{"start":{"line":31,"column":12},"end":{"line":33,"column":13}},{"start":{},"end":{}}],"line":31}},"s":{"0":4,"1":4,"2":4,"3":3,"4":3,"5":3,"6":1,"7":2,"8":5,"9":5,"10":5,"11":1,"12":4,"13":1,"14":3,"15":3,"16":1,"17":2,"18":2,"19":1,"20":1,"21":1,"22":1,"23":4,"24":4},"f":{"0":3,"1":5},"b":{"0":[1,4],"1":[1,3],"2":[1,2],"3":[1,1]},"_coverageSchema":"1a1c01bbd47fc00a2c39e90264f33305004495a9","hash":"84da2a44dc4a66308fbacebae16bf081e0355def"}
,"/Users/raihanqowi/Documents/Final-ProJek/wanderia/server/services/partner/helpers/bcrypt.js": {"path":"/Users/raihanqowi/Documents/Final-ProJek/wanderia/server/services/partner/helpers/bcrypt.js","statementMap":{"0":{"start":{"line":1,"column":15},"end":{"line":1,"column":34}},"1":{"start":{"line":3,"column":21},"end":{"line":5,"column":1}},"2":{"start":{"line":4,"column":4},"end":{"line":4,"column":41}},"3":{"start":{"line":7,"column":20},"end":{"line":9,"column":1}},"4":{"start":{"line":8,"column":4},"end":{"line":8,"column":54}},"5":{"start":{"line":11,"column":0},"end":{"line":11,"column":47}}},"fnMap":{"0":{"name":"(anonymous_0)","decl":{"start":{"line":3,"column":21},"end":{"line":3,"column":22}},"loc":{"start":{"line":3,"column":41},"end":{"line":5,"column":1}},"line":3},"1":{"name":"(anonymous_1)","decl":{"start":{"line":7,"column":20},"end":{"line":7,"column":21}},"loc":{"start":{"line":7,"column":54},"end":{"line":9,"column":1}},"line":7}},"branchMap":{},"s":{"0":4,"1":4,"2":11,"3":4,"4":2,"5":4},"f":{"0":11,"1":2},"b":{},"_coverageSchema":"1a1c01bbd47fc00a2c39e90264f33305004495a9","hash":"ec2abb5864d03747364299f9c4eab133e0a75d0a"}
,"/Users/raihanqowi/Documents/Final-ProJek/wanderia/server/services/partner/helpers/jwt.js": {"path":"/Users/raihanqowi/Documents/Final-ProJek/wanderia/server/services/partner/helpers/jwt.js","statementMap":{"0":{"start":{"line":1,"column":12},"end":{"line":1,"column":35}},"1":{"start":{"line":3,"column":15},"end":{"line":3,"column":38}},"2":{"start":{"line":5,"column":20},"end":{"line":7,"column":1}},"3":{"start":{"line":6,"column":4},"end":{"line":6,"column":37}},"4":{"start":{"line":9,"column":21},"end":{"line":11,"column":1}},"5":{"start":{"line":10,"column":4},"end":{"line":10,"column":37}},"6":{"start":{"line":13,"column":0},"end":{"line":13,"column":47}}},"fnMap":{"0":{"name":"(anonymous_0)","decl":{"start":{"line":5,"column":20},"end":{"line":5,"column":21}},"loc":{"start":{"line":5,"column":39},"end":{"line":7,"column":1}},"line":5},"1":{"name":"(anonymous_1)","decl":{"start":{"line":9,"column":21},"end":{"line":9,"column":22}},"loc":{"start":{"line":9,"column":38},"end":{"line":11,"column":1}},"line":9}},"branchMap":{},"s":{"0":4,"1":4,"2":4,"3":4,"4":4,"5":13,"6":4},"f":{"0":4,"1":13},"b":{},"_coverageSchema":"1a1c01bbd47fc00a2c39e90264f33305004495a9","hash":"9396e71151d07470dd7fc060a2de9b44a36f526c"}
,"/Users/raihanqowi/Documents/Final-ProJek/wanderia/server/services/partner/middleware/auth.js": {"path":"/Users/raihanqowi/Documents/Final-ProJek/wanderia/server/services/partner/middleware/auth.js","statementMap":{"0":{"start":{"line":1,"column":46},"end":{"line":1,"column":72}},"1":{"start":{"line":2,"column":25},"end":{"line":2,"column":50}},"2":{"start":{"line":5,"column":4},"end":{"line":26,"column":5}},"3":{"start":{"line":6,"column":27},"end":{"line":6,"column":51}},"4":{"start":{"line":8,"column":8},"end":{"line":10,"column":9}},"5":{"start":{"line":9,"column":12},"end":{"line":9,"column":46}},"6":{"start":{"line":11,"column":22},"end":{"line":11,"column":48}},"7":{"start":{"line":12,"column":19},"end":{"line":12,"column":53}},"8":{"start":{"line":14,"column":8},"end":{"line":16,"column":9}},"9":{"start":{"line":15,"column":12},"end":{"line":15,"column":46}},"10":{"start":{"line":18,"column":8},"end":{"line":22,"column":10}},"11":{"start":{"line":23,"column":8},"end":{"line":23,"column":15}},"12":{"start":{"line":25,"column":8},"end":{"line":25,"column":20}},"13":{"start":{"line":30,"column":4},"end":{"line":48,"column":5}},"14":{"start":{"line":31,"column":23},"end":{"line":31,"column":33}},"15":{"start":{"line":34,"column":21},"end":{"line":36,"column":10}},"16":{"start":{"line":38,"column":8},"end":{"line":40,"column":9}},"17":{"start":{"line":39,"column":12},"end":{"line":39,"column":44}},"18":{"start":{"line":41,"column":8},"end":{"line":45,"column":9}},"19":{"start":{"line":42,"column":12},"end":{"line":42,"column":19}},"20":{"start":{"line":44,"column":12},"end":{"line":44,"column":40}},"21":{"start":{"line":47,"column":8},"end":{"line":47,"column":20}},"22":{"start":{"line":52,"column":4},"end":{"line":76,"column":5}},"23":{"start":{"line":53,"column":23},"end":{"line":53,"column":33}},"24":{"start":{"line":55,"column":21},"end":{"line":57,"column":10}},"25":{"start":{"line":58,"column":8},"end":{"line":60,"column":9}},"26":{"start":{"line":59,"column":12},"end":{"line":59,"column":44}},"27":{"start":{"line":61,"column":21},"end":{"line":65,"column":10}},"28":{"start":{"line":66,"column":8},"end":{"line":68,"column":9}},"29":{"start":{"line":67,"column":12},"end":{"line":67,"column":44}},"30":{"start":{"line":69,"column":8},"end":{"line":73,"column":9}},"31":{"start":{"line":70,"column":12},"end":{"line":70,"column":19}},"32":{"start":{"line":72,"column":12},"end":{"line":72,"column":40}},"33":{"start":{"line":75,"column":8},"end":{"line":75,"column":20}},"34":{"start":{"line":79,"column":0},"end":{"line":83,"column":2}}},"fnMap":{"0":{"name":"authentication","decl":{"start":{"line":4,"column":15},"end":{"line":4,"column":29}},"loc":{"start":{"line":4,"column":46},"end":{"line":27,"column":1}},"line":4},"1":{"name":"authorization","decl":{"start":{"line":29,"column":15},"end":{"line":29,"column":28}},"loc":{"start":{"line":29,"column":45},"end":{"line":49,"column":1}},"line":29},"2":{"name":"postAuthorization","decl":{"start":{"line":51,"column":15},"end":{"line":51,"column":32}},"loc":{"start":{"line":51,"column":49},"end":{"line":77,"column":1}},"line":51}},"branchMap":{"0":{"loc":{"start":{"line":8,"column":8},"end":{"line":10,"column":9}},"type":"if","locations":[{"start":{"line":8,"column":8},"end":{"line":10,"column":9}},{"start":{},"end":{}}],"line":8},"1":{"loc":{"start":{"line":14,"column":8},"end":{"line":16,"column":9}},"type":"if","locations":[{"start":{"line":14,"column":8},"end":{"line":16,"column":9}},{"start":{},"end":{}}],"line":14},"2":{"loc":{"start":{"line":38,"column":8},"end":{"line":40,"column":9}},"type":"if","locations":[{"start":{"line":38,"column":8},"end":{"line":40,"column":9}},{"start":{},"end":{}}],"line":38},"3":{"loc":{"start":{"line":41,"column":8},"end":{"line":45,"column":9}},"type":"if","locations":[{"start":{"line":41,"column":8},"end":{"line":45,"column":9}},{"start":{"line":43,"column":15},"end":{"line":45,"column":9}}],"line":41},"4":{"loc":{"start":{"line":58,"column":8},"end":{"line":60,"column":9}},"type":"if","locations":[{"start":{"line":58,"column":8},"end":{"line":60,"column":9}},{"start":{},"end":{}}],"line":58},"5":{"loc":{"start":{"line":66,"column":8},"end":{"line":68,"column":9}},"type":"if","locations":[{"start":{"line":66,"column":8},"end":{"line":68,"column":9}},{"start":{},"end":{}}],"line":66},"6":{"loc":{"start":{"line":69,"column":8},"end":{"line":73,"column":9}},"type":"if","locations":[{"start":{"line":69,"column":8},"end":{"line":73,"column":9}},{"start":{"line":71,"column":15},"end":{"line":73,"column":9}}],"line":69}},"s":{"0":4,"1":4,"2":14,"3":14,"4":14,"5":1,"6":13,"7":13,"8":13,"9":0,"10":13,"11":13,"12":1,"13":5,"14":5,"15":5,"16":5,"17":1,"18":4,"19":3,"20":1,"21":2,"22":2,"23":2,"24":2,"25":2,"26":1,"27":1,"28":1,"29":0,"30":1,"31":1,"32":0,"33":1,"34":4},"f":{"0":14,"1":5,"2":2},"b":{"0":[1,13],"1":[0,13],"2":[1,4],"3":[3,1],"4":[1,1],"5":[0,1],"6":[1,0]},"_coverageSchema":"1a1c01bbd47fc00a2c39e90264f33305004495a9","hash":"714a5876f99a707ff3ccaae6858fa9108c0cc6cc"}
,"/Users/raihanqowi/Documents/Final-ProJek/wanderia/server/services/partner/middleware/handleError.js": {"path":"/Users/raihanqowi/Documents/Final-ProJek/wanderia/server/services/partner/middleware/handleError.js","statementMap":{"0":{"start":{"line":2,"column":14},"end":{"line":2,"column":37}},"1":{"start":{"line":3,"column":17},"end":{"line":3,"column":20}},"2":{"start":{"line":5,"column":4},"end":{"line":40,"column":5}},"3":{"start":{"line":8,"column":12},"end":{"line":8,"column":25}},"4":{"start":{"line":9,"column":12},"end":{"line":9,"column":42}},"5":{"start":{"line":10,"column":12},"end":{"line":10,"column":18}},"6":{"start":{"line":12,"column":12},"end":{"line":12,"column":25}},"7":{"start":{"line":13,"column":12},"end":{"line":13,"column":35}},"8":{"start":{"line":14,"column":12},"end":{"line":14,"column":18}},"9":{"start":{"line":16,"column":12},"end":{"line":16,"column":25}},"10":{"start":{"line":17,"column":12},"end":{"line":17,"column":38}},"11":{"start":{"line":18,"column":12},"end":{"line":18,"column":18}},"12":{"start":{"line":24,"column":12},"end":{"line":24,"column":25}},"13":{"start":{"line":25,"column":12},"end":{"line":25,"column":56}},"14":{"start":{"line":26,"column":12},"end":{"line":26,"column":18}},"15":{"start":{"line":29,"column":12},"end":{"line":29,"column":25}},"16":{"start":{"line":30,"column":12},"end":{"line":30,"column":37}},"17":{"start":{"line":31,"column":12},"end":{"line":31,"column":18}},"18":{"start":{"line":33,"column":12},"end":{"line":33,"column":25}},"19":{"start":{"line":34,"column":12},"end":{"line":34,"column":42}},"20":{"start":{"line":35,"column":12},"end":{"line":35,"column":18}},"21":{"start":{"line":37,"column":12},"end":{"line":37,"column":25}},"22":{"start":{"line":38,"column":12},"end":{"line":38,"column":36}},"23":{"start":{"line":39,"column":12},"end":{"line":39,"column":18}},"24":{"start":{"line":42,"column":4},"end":{"line":44,"column":7}},"25":{"start":{"line":47,"column":0},"end":{"line":47,"column":29}}},"fnMap":{"0":{"name":"handleError","decl":{"start":{"line":1,"column":9},"end":{"line":1,"column":20}},"loc":{"start":{"line":1,"column":44},"end":{"line":45,"column":1}},"line":1}},"branchMap":{"0":{"loc":{"start":{"line":5,"column":4},"end":{"line":40,"column":5}},"type":"switch","locations":[{"start":{"line":6,"column":8},"end":{"line":6,"column":40}},{"start":{"line":7,"column":8},"end":{"line":10,"column":18}},{"start":{"line":11,"column":8},"end":{"line":14,"column":18}},{"start":{"line":15,"column":8},"end":{"line":18,"column":18}},{"start":{"line":23,"column":8},"end":{"line":26,"column":18}},{"start":{"line":27,"column":8},"end":{"line":27,"column":31}},{"start":{"line":28,"column":8},"end":{"line":31,"column":18}},{"start":{"line":32,"column":8},"end":{"line":35,"column":18}},{"start":{"line":36,"column":8},"end":{"line":39,"column":18}}],"line":5}},"s":{"0":18,"1":18,"2":18,"3":4,"4":4,"5":4,"6":1,"7":1,"8":1,"9":1,"10":1,"11":1,"12":2,"13":2,"14":2,"15":1,"16":1,"17":1,"18":1,"19":1,"20":1,"21":2,"22":2,"23":2,"24":18,"25":4},"f":{"0":18},"b":{"0":[4,4,1,1,2,1,1,1,2]},"_coverageSchema":"1a1c01bbd47fc00a2c39e90264f33305004495a9","hash":"c43ba7676547859e88da37ea911051ebe57e2bad"}
,"/Users/raihanqowi/Documents/Final-ProJek/wanderia/server/services/partner/models/business.js": {"path":"/Users/raihanqowi/Documents/Final-ProJek/wanderia/server/services/partner/models/business.js","statementMap":{"0":{"start":{"line":2,"column":18},"end":{"line":2,"column":38}},"1":{"start":{"line":3,"column":0},"end":{"line":79,"column":2}},"2":{"start":{"line":12,"column":12},"end":{"line":15,"column":15}},"3":{"start":{"line":16,"column":12},"end":{"line":19,"column":15}},"4":{"start":{"line":20,"column":12},"end":{"line":23,"column":15}},"5":{"start":{"line":26,"column":4},"end":{"line":77,"column":6}},"6":{"start":{"line":78,"column":4},"end":{"line":78,"column":20}}},"fnMap":{"0":{"name":"(anonymous_0)","decl":{"start":{"line":3,"column":17},"end":{"line":3,"column":18}},"loc":{"start":{"line":3,"column":43},"end":{"line":79,"column":1}},"line":3},"1":{"name":"(anonymous_1)","decl":{"start":{"line":10,"column":8},"end":{"line":10,"column":9}},"loc":{"start":{"line":10,"column":33},"end":{"line":24,"column":9}},"line":10}},"branchMap":{},"s":{"0":4,"1":4,"2":4,"3":4,"4":4,"5":4,"6":4},"f":{"0":4,"1":4},"b":{},"_coverageSchema":"1a1c01bbd47fc00a2c39e90264f33305004495a9","hash":"13a285d11310ab616f9d1c54919379271130a2f1"}
,"/Users/raihanqowi/Documents/Final-ProJek/wanderia/server/services/partner/models/category.js": {"path":"/Users/raihanqowi/Documents/Final-ProJek/wanderia/server/services/partner/models/category.js","statementMap":{"0":{"start":{"line":2,"column":18},"end":{"line":2,"column":38}},"1":{"start":{"line":3,"column":0},"end":{"line":29,"column":2}},"2":{"start":{"line":12,"column":12},"end":{"line":15,"column":15}},"3":{"start":{"line":18,"column":4},"end":{"line":27,"column":6}},"4":{"start":{"line":28,"column":4},"end":{"line":28,"column":20}}},"fnMap":{"0":{"name":"(anonymous_0)","decl":{"start":{"line":3,"column":17},"end":{"line":3,"column":18}},"loc":{"start":{"line":3,"column":43},"end":{"line":29,"column":1}},"line":3},"1":{"name":"(anonymous_1)","decl":{"start":{"line":10,"column":8},"end":{"line":10,"column":9}},"loc":{"start":{"line":10,"column":33},"end":{"line":16,"column":9}},"line":10}},"branchMap":{},"s":{"0":4,"1":4,"2":4,"3":4,"4":4},"f":{"0":4,"1":4},"b":{},"_coverageSchema":"1a1c01bbd47fc00a2c39e90264f33305004495a9","hash":"6c8986b502219a37b5b203b584522a43c27141d2"}
,"/Users/raihanqowi/Documents/Final-ProJek/wanderia/server/services/partner/models/index.js": {"path":"/Users/raihanqowi/Documents/Final-ProJek/wanderia/server/services/partner/models/index.js","statementMap":{"0":{"start":{"line":3,"column":11},"end":{"line":3,"column":24}},"1":{"start":{"line":4,"column":13},"end":{"line":4,"column":28}},"2":{"start":{"line":5,"column":18},"end":{"line":5,"column":38}},"3":{"start":{"line":6,"column":16},"end":{"line":6,"column":34}},"4":{"start":{"line":7,"column":17},"end":{"line":7,"column":42}},"5":{"start":{"line":8,"column":12},"end":{"line":8,"column":49}},"6":{"start":{"line":9,"column":15},"end":{"line":9,"column":65}},"7":{"start":{"line":10,"column":11},"end":{"line":10,"column":13}},"8":{"start":{"line":13,"column":0},"end":{"line":17,"column":1}},"9":{"start":{"line":14,"column":2},"end":{"line":14,"column":74}},"10":{"start":{"line":16,"column":2},"end":{"line":16,"column":87}},"11":{"start":{"line":19,"column":0},"end":{"line":27,"column":5}},"12":{"start":{"line":22,"column":4},"end":{"line":22,"column":90}},"13":{"start":{"line":25,"column":18},"end":{"line":25,"column":85}},"14":{"start":{"line":26,"column":4},"end":{"line":26,"column":27}},"15":{"start":{"line":29,"column":0},"end":{"line":33,"column":3}},"16":{"start":{"line":30,"column":2},"end":{"line":32,"column":3}},"17":{"start":{"line":31,"column":4},"end":{"line":31,"column":32}},"18":{"start":{"line":35,"column":0},"end":{"line":35,"column":25}},"19":{"start":{"line":36,"column":0},"end":{"line":36,"column":25}},"20":{"start":{"line":38,"column":0},"end":{"line":38,"column":20}}},"fnMap":{"0":{"name":"(anonymous_0)","decl":{"start":{"line":21,"column":10},"end":{"line":21,"column":11}},"loc":{"start":{"line":21,"column":18},"end":{"line":23,"column":3}},"line":21},"1":{"name":"(anonymous_1)","decl":{"start":{"line":24,"column":11},"end":{"line":24,"column":12}},"loc":{"start":{"line":24,"column":19},"end":{"line":27,"column":3}},"line":24},"2":{"name":"(anonymous_2)","decl":{"start":{"line":29,"column":24},"end":{"line":29,"column":25}},"loc":{"start":{"line":29,"column":37},"end":{"line":33,"column":1}},"line":29}},"branchMap":{"0":{"loc":{"start":{"line":8,"column":12},"end":{"line":8,"column":49}},"type":"binary-expr","locations":[{"start":{"line":8,"column":12},"end":{"line":8,"column":32}},{"start":{"line":8,"column":36},"end":{"line":8,"column":49}}],"line":8},"1":{"loc":{"start":{"line":13,"column":0},"end":{"line":17,"column":1}},"type":"if","locations":[{"start":{"line":13,"column":0},"end":{"line":17,"column":1}},{"start":{"line":15,"column":7},"end":{"line":17,"column":1}}],"line":13},"2":{"loc":{"start":{"line":22,"column":11},"end":{"line":22,"column":89}},"type":"binary-expr","locations":[{"start":{"line":22,"column":12},"end":{"line":22,"column":35}},{"start":{"line":22,"column":41},"end":{"line":22,"column":58}},{"start":{"line":22,"column":64},"end":{"line":22,"column":88}}],"line":22},"3":{"loc":{"start":{"line":30,"column":2},"end":{"line":32,"column":3}},"type":"if","locations":[{"start":{"line":30,"column":2},"end":{"line":32,"column":3}},{"start":{},"end":{}}],"line":30}},"s":{"0":4,"1":4,"2":4,"3":4,"4":4,"5":4,"6":4,"7":4,"8":4,"9":0,"10":4,"11":4,"12":20,"13":16,"14":16,"15":4,"16":16,"17":16,"18":4,"19":4,"20":4},"f":{"0":20,"1":16,"2":16},"b":{"0":[4,0],"1":[0,4],"2":[20,20,16],"3":[16,0]},"_coverageSchema":"1a1c01bbd47fc00a2c39e90264f33305004495a9","hash":"3548d7eeb9d05431ec726cd3efe6d91a6618b507"}
,"/Users/raihanqowi/Documents/Final-ProJek/wanderia/server/services/partner/models/partner.js": {"path":"/Users/raihanqowi/Documents/Final-ProJek/wanderia/server/services/partner/models/partner.js","statementMap":{"0":{"start":{"line":2,"column":18},"end":{"line":2,"column":38}},"1":{"start":{"line":3,"column":25},"end":{"line":3,"column":53}},"2":{"start":{"line":4,"column":0},"end":{"line":67,"column":2}},"3":{"start":{"line":13,"column":12},"end":{"line":16,"column":15}},"4":{"start":{"line":19,"column":4},"end":{"line":62,"column":6}},"5":{"start":{"line":63,"column":4},"end":{"line":65,"column":7}},"6":{"start":{"line":64,"column":8},"end":{"line":64,"column":58}},"7":{"start":{"line":66,"column":4},"end":{"line":66,"column":19}}},"fnMap":{"0":{"name":"(anonymous_0)","decl":{"start":{"line":4,"column":17},"end":{"line":4,"column":18}},"loc":{"start":{"line":4,"column":43},"end":{"line":67,"column":1}},"line":4},"1":{"name":"(anonymous_1)","decl":{"start":{"line":11,"column":8},"end":{"line":11,"column":9}},"loc":{"start":{"line":11,"column":33},"end":{"line":17,"column":9}},"line":11},"2":{"name":"(anonymous_2)","decl":{"start":{"line":63,"column":25},"end":{"line":63,"column":26}},"loc":{"start":{"line":63,"column":44},"end":{"line":65,"column":5}},"line":63}},"branchMap":{},"s":{"0":4,"1":4,"2":4,"3":4,"4":4,"5":4,"6":3,"7":4},"f":{"0":4,"1":4,"2":3},"b":{},"_coverageSchema":"1a1c01bbd47fc00a2c39e90264f33305004495a9","hash":"9458f96c59663fb4c6c425931ec228dc910fb680"}
,"/Users/raihanqowi/Documents/Final-ProJek/wanderia/server/services/partner/models/post.js": {"path":"/Users/raihanqowi/Documents/Final-ProJek/wanderia/server/services/partner/models/post.js","statementMap":{"0":{"start":{"line":2,"column":18},"end":{"line":2,"column":38}},"1":{"start":{"line":3,"column":0},"end":{"line":41,"column":2}},"2":{"start":{"line":12,"column":6},"end":{"line":15,"column":9}},"3":{"start":{"line":18,"column":2},"end":{"line":39,"column":4}},"4":{"start":{"line":40,"column":2},"end":{"line":40,"column":14}}},"fnMap":{"0":{"name":"(anonymous_0)","decl":{"start":{"line":3,"column":17},"end":{"line":3,"column":18}},"loc":{"start":{"line":3,"column":43},"end":{"line":41,"column":1}},"line":3},"1":{"name":"(anonymous_1)","decl":{"start":{"line":10,"column":4},"end":{"line":10,"column":5}},"loc":{"start":{"line":10,"column":29},"end":{"line":16,"column":5}},"line":10}},"branchMap":{},"s":{"0":4,"1":4,"2":4,"3":4,"4":4},"f":{"0":4,"1":4},"b":{},"_coverageSchema":"1a1c01bbd47fc00a2c39e90264f33305004495a9","hash":"377f4832ff8862a98ea84073d85db5a2d4385e84"}
,"/Users/raihanqowi/Documents/Final-ProJek/wanderia/server/services/partner/routes/index.js": {"path":"/Users/raihanqowi/Documents/Final-ProJek/wanderia/server/services/partner/routes/index.js","statementMap":{"0":{"start":{"line":1,"column":16},"end":{"line":1,"column":34}},"1":{"start":{"line":2,"column":31},"end":{"line":2,"column":74}},"2":{"start":{"line":3,"column":27},"end":{"line":3,"column":70}},"3":{"start":{"line":4,"column":27},"end":{"line":4,"column":71}},"4":{"start":{"line":5,"column":23},"end":{"line":5,"column":63}},"5":{"start":{"line":6,"column":42},"end":{"line":6,"column":71}},"6":{"start":{"line":7,"column":15},"end":{"line":7,"column":31}},"7":{"start":{"line":8,"column":19},"end":{"line":8,"column":41}},"8":{"start":{"line":10,"column":0},"end":{"line":10,"column":58}},"9":{"start":{"line":11,"column":0},"end":{"line":11,"column":52}},"10":{"start":{"line":12,"column":0},"end":{"line":12,"column":53}},"11":{"start":{"line":13,"column":0},"end":{"line":13,"column":59}},"12":{"start":{"line":14,"column":0},"end":{"line":14,"column":63}},"13":{"start":{"line":16,"column":0},"end":{"line":16,"column":65}},"14":{"start":{"line":17,"column":0},"end":{"line":17,"column":27}},"15":{"start":{"line":18,"column":0},"end":{"line":18,"column":32}},"16":{"start":{"line":19,"column":0},"end":{"line":19,"column":63}},"17":{"start":{"line":20,"column":0},"end":{"line":20,"column":60}},"18":{"start":{"line":21,"column":0},"end":{"line":21,"column":78}},"19":{"start":{"line":23,"column":0},"end":{"line":23,"column":24}}},"fnMap":{},"branchMap":{},"s":{"0":4,"1":4,"2":4,"3":4,"4":4,"5":4,"6":4,"7":4,"8":4,"9":4,"10":4,"11":4,"12":4,"13":4,"14":4,"15":4,"16":4,"17":4,"18":4,"19":4},"f":{},"b":{},"_coverageSchema":"1a1c01bbd47fc00a2c39e90264f33305004495a9","hash":"ddecd576f0f81d2e975c981e3d54151e47952591"}
,"/Users/raihanqowi/Documents/Final-ProJek/wanderia/server/services/partner/routes/postRoute.js": {"path":"/Users/raihanqowi/Documents/Final-ProJek/wanderia/server/services/partner/routes/postRoute.js","statementMap":{"0":{"start":{"line":1,"column":16},"end":{"line":1,"column":34}},"1":{"start":{"line":2,"column":22},"end":{"line":2,"column":63}},"2":{"start":{"line":3,"column":19},"end":{"line":3,"column":35}},"3":{"start":{"line":8,"column":45},"end":{"line":8,"column":74}},"4":{"start":{"line":23,"column":0},"end":{"line":23,"column":46}},"5":{"start":{"line":24,"column":0},"end":{"line":24,"column":68}},"6":{"start":{"line":25,"column":0},"end":{"line":25,"column":70}},"7":{"start":{"line":27,"column":0},"end":{"line":27,"column":28}}},"fnMap":{},"branchMap":{},"s":{"0":4,"1":4,"2":4,"3":4,"4":4,"5":4,"6":4,"7":4},"f":{},"b":{},"_coverageSchema":"1a1c01bbd47fc00a2c39e90264f33305004495a9","hash":"3fafa5ac93abf5fc2a5f32434d5213330db46bd8"}
}
