TN:
SF:app.js
FNF:0
FNH:0
DA:1,4
DA:2,4
DA:3,4
DA:4,4
DA:5,4
DA:6,4
DA:8,4
DA:9,4
DA:10,4
DA:12,4
DA:13,4
DA:22,4
LF:12
LH:12
BRDA:3,0,0,4
BRDA:3,0,1,4
BRF:2
BRH:2
end_of_record
TN:
SF:controllers/businesController.js
FN:3,(anonymous_0)
FN:16,(anonymous_1)
FN:41,(anonymous_2)
FN:54,(anonymous_3)
FN:84,(anonymous_4)
FN:110,(anonymous_5)
FN:138,(anonymous_6)
FNF:7
FNH:7
FNDA:2,(anonymous_0)
FNDA:16,(anonymous_1)
FNDA:1,(anonymous_2)
FNDA:8,(anonymous_3)
FNDA:2,(anonymous_4)
FNDA:2,(anonymous_5)
FNDA:2,(anonymous_6)
DA:1,4
DA:4,2
DA:13,2
DA:14,2
DA:16,2
DA:17,16
DA:18,2
DA:21,2
DA:22,2
DA:23,2
DA:35,1
DA:37,1
DA:42,1
DA:43,1
DA:52,1
DA:54,1
DA:55,8
DA:56,1
DA:59,1
DA:60,1
DA:61,1
DA:78,1
DA:80,0
DA:85,2
DA:86,2
DA:104,1
DA:106,1
DA:111,2
DA:112,2
DA:114,2
DA:132,1
DA:134,1
DA:139,2
DA:140,2
DA:141,2
DA:162,1
DA:164,1
DA:188,4
LF:38
LH:37
BRDA:17,0,0,2
BRDA:17,0,1,14
BRDA:55,1,0,1
BRDA:55,1,1,7
BRF:4
BRH:4
end_of_record
TN:
SF:controllers/categoryController.js
FN:3,(anonymous_0)
FN:31,(anonymous_1)
FNF:2
FNH:2
FNDA:2,(anonymous_0)
FNDA:2,(anonymous_1)
DA:1,4
DA:4,2
DA:5,2
DA:25,1
DA:27,1
DA:32,2
DA:33,2
DA:34,2
DA:55,1
DA:57,1
DA:62,4
LF:11
LH:11
BRF:0
BRH:0
end_of_record
TN:
SF:controllers/postConstroller.js
FN:4,(anonymous_0)
FN:13,(anonymous_1)
FN:26,(anonymous_2)
FNF:3
FNH:3
FNDA:2,(anonymous_0)
FNDA:2,(anonymous_1)
FNDA:1,(anonymous_2)
DA:1,4
DA:5,2
DA:6,2
DA:7,1
DA:9,1
DA:14,2
DA:15,2
DA:16,2
DA:17,2
DA:20,1
DA:22,1
DA:27,1
DA:28,1
DA:29,1
DA:30,1
DA:31,0
DA:33,1
DA:34,1
DA:36,0
DA:41,4
LF:20
LH:18
BRDA:30,0,0,0
BRDA:30,0,1,1
BRF:2
BRH:1
end_of_record
TN:
SF:controllers/userController.js
FN:5,(anonymous_0)
FN:15,(anonymous_1)
FNF:2
FNH:2
FNDA:3,(anonymous_0)
FNDA:5,(anonymous_1)
DA:1,4
DA:2,4
DA:3,4
DA:6,3
DA:7,3
DA:8,3
DA:9,1
DA:11,2
DA:16,5
DA:17,5
DA:18,5
DA:19,1
DA:21,4
DA:22,1
DA:25,3
DA:26,3
DA:27,1
DA:29,2
DA:31,2
DA:32,1
DA:34,1
DA:35,1
DA:37,1
DA:39,4
DA:44,4
LF:25
LH:25
BRDA:18,0,0,1
BRDA:18,0,1,4
BRDA:21,1,0,1
BRDA:21,1,1,3
BRDA:26,2,0,1
BRDA:26,2,1,2
BRDA:31,3,0,1
BRDA:31,3,1,1
BRF:8
BRH:8
end_of_record
TN:
SF:helpers/bcrypt.js
FN:3,(anonymous_0)
FN:7,(anonymous_1)
FNF:2
FNH:2
FNDA:11,(anonymous_0)
FNDA:2,(anonymous_1)
DA:1,4
DA:3,4
DA:4,11
DA:7,4
DA:8,2
DA:11,4
LF:6
LH:6
BRF:0
BRH:0
end_of_record
TN:
SF:helpers/jwt.js
FN:5,(anonymous_0)
FN:9,(anonymous_1)
FNF:2
FNH:2
FNDA:4,(anonymous_0)
FNDA:13,(anonymous_1)
DA:1,4
DA:3,4
DA:5,4
DA:6,4
DA:9,4
DA:10,13
DA:13,4
LF:7
LH:7
BRF:0
BRH:0
end_of_record
TN:
SF:middleware/auth.js
FN:4,authentication
FN:29,authorization
FN:51,postAuthorization
FNF:3
FNH:3
FNDA:14,authentication
FNDA:5,authorization
FNDA:2,postAuthorization
DA:1,4
DA:2,4
DA:5,14
DA:6,14
DA:8,14
DA:9,1
DA:11,13
DA:12,13
DA:14,13
DA:15,0
DA:18,13
DA:23,13
DA:25,1
DA:30,5
DA:31,5
DA:34,5
DA:38,5
DA:39,1
DA:41,4
DA:42,3
DA:44,1
DA:47,2
DA:52,2
DA:53,2
DA:55,2
DA:58,2
DA:59,1
DA:61,1
DA:66,1
DA:67,0
DA:69,1
DA:70,1
DA:72,0
DA:75,1
DA:79,4
LF:35
LH:32
BRDA:8,0,0,1
BRDA:8,0,1,13
BRDA:14,1,0,0
BRDA:14,1,1,13
BRDA:38,2,0,1
BRDA:38,2,1,4
BRDA:41,3,0,3
BRDA:41,3,1,1
BRDA:58,4,0,1
BRDA:58,4,1,1
BRDA:66,5,0,0
BRDA:66,5,1,1
BRDA:69,6,0,1
BRDA:69,6,1,0
BRF:14
BRH:11
end_of_record
TN:
SF:middleware/handleError.js
FN:1,handleError
FNF:1
FNH:1
FNDA:18,handleError
DA:2,18
DA:3,18
DA:5,18
DA:8,4
DA:9,4
DA:10,4
DA:12,1
DA:13,1
DA:14,1
DA:16,1
DA:17,1
DA:18,1
DA:24,2
DA:25,2
DA:26,2
DA:29,1
DA:30,1
DA:31,1
DA:33,1
DA:34,1
DA:35,1
DA:37,2
DA:38,2
DA:39,2
DA:42,18
DA:47,4
LF:26
LH:26
BRDA:5,0,0,4
BRDA:5,0,1,4
BRDA:5,0,2,1
BRDA:5,0,3,1
BRDA:5,0,4,2
BRDA:5,0,5,1
BRDA:5,0,6,1
BRDA:5,0,7,1
BRDA:5,0,8,2
BRF:9
BRH:9
end_of_record
TN:
SF:models/business.js
FN:3,(anonymous_0)
FN:10,(anonymous_1)
FNF:2
FNH:2
FNDA:4,(anonymous_0)
FNDA:4,(anonymous_1)
DA:2,4
DA:3,4
DA:12,4
DA:16,4
DA:20,4
DA:26,4
DA:78,4
LF:7
LH:7
BRF:0
BRH:0
end_of_record
TN:
SF:models/category.js
FN:3,(anonymous_0)
FN:10,(anonymous_1)
FNF:2
FNH:2
FNDA:4,(anonymous_0)
FNDA:4,(anonymous_1)
DA:2,4
DA:3,4
DA:12,4
DA:18,4
DA:28,4
LF:5
LH:5
BRF:0
BRH:0
end_of_record
TN:
SF:models/index.js
FN:21,(anonymous_0)
FN:24,(anonymous_1)
FN:29,(anonymous_2)
FNF:3
FNH:3
FNDA:20,(anonymous_0)
FNDA:16,(anonymous_1)
FNDA:16,(anonymous_2)
DA:3,4
DA:4,4
DA:5,4
DA:6,4
DA:7,4
DA:8,4
DA:9,4
DA:10,4
DA:13,4
DA:14,0
DA:16,4
DA:19,4
DA:22,20
DA:25,16
DA:26,16
DA:29,4
DA:30,16
DA:31,16
DA:35,4
DA:36,4
DA:38,4
LF:21
LH:20
BRDA:8,0,0,4
BRDA:8,0,1,0
BRDA:13,1,0,0
BRDA:13,1,1,4
BRDA:22,2,0,20
BRDA:22,2,1,20
BRDA:22,2,2,16
BRDA:30,3,0,16
BRDA:30,3,1,0
BRF:9
BRH:6
end_of_record
TN:
SF:models/partner.js
FN:4,(anonymous_0)
FN:11,(anonymous_1)
FN:63,(anonymous_2)
FNF:3
FNH:3
FNDA:4,(anonymous_0)
FNDA:4,(anonymous_1)
FNDA:3,(anonymous_2)
DA:2,4
DA:3,4
DA:4,4
DA:13,4
DA:19,4
DA:63,4
DA:64,3
DA:66,4
LF:8
LH:8
BRF:0
BRH:0
end_of_record
TN:
SF:models/post.js
FN:3,(anonymous_0)
FN:10,(anonymous_1)
FNF:2
FNH:2
FNDA:4,(anonymous_0)
FNDA:4,(anonymous_1)
DA:2,4
DA:3,4
DA:12,4
DA:18,4
DA:40,4
LF:5
LH:5
BRF:0
BRH:0
end_of_record
TN:
SF:routes/index.js
FNF:0
FNH:0
DA:1,4
DA:2,4
DA:3,4
DA:4,4
DA:5,4
DA:6,4
DA:7,4
DA:8,4
DA:10,4
DA:11,4
DA:12,4
DA:13,4
DA:14,4
DA:16,4
DA:17,4
DA:18,4
DA:19,4
DA:20,4
DA:21,4
DA:23,4
LF:20
LH:20
BRF:0
BRH:0
end_of_record
TN:
SF:routes/postRoute.js
FNF:0
FNH:0
DA:1,4
DA:2,4
DA:3,4
DA:8,4
DA:23,4
DA:24,4
DA:25,4
DA:27,4
LF:8
LH:8
BRF:0
BRH:0
end_of_record
