TN:
SF:app.js
FNF:0
FNH:0
DA:1,3
DA:2,3
DA:3,3
DA:4,3
DA:5,3
DA:6,3
DA:8,3
DA:9,3
DA:10,3
DA:12,3
DA:13,3
DA:19,3
LF:12
LH:12
BRDA:3,0,0,3
BRDA:3,0,1,3
BRF:2
BRH:2
end_of_record
TN:
SF:controllers/businesController.js
FN:3,(anonymous_0)
FN:29,(anonymous_1)
FN:55,(anonymous_2)
FN:81,(anonymous_3)
FNF:4
FNH:4
FNDA:2,(anonymous_0)
FNDA:1,(anonymous_1)
FNDA:2,(anonymous_2)
FNDA:2,(anonymous_3)
DA:1,3
DA:4,2
DA:12,2
DA:13,2
DA:23,1
DA:25,1
DA:30,1
DA:31,1
DA:33,1
DA:35,1
DA:49,1
DA:51,0
DA:56,2
DA:57,2
DA:75,1
DA:77,1
DA:82,2
DA:83,2
DA:85,2
DA:103,1
DA:105,1
DA:110,3
LF:22
LH:21
BRF:0
BRH:0
end_of_record
TN:
SF:controllers/categoryController.js
FN:3,(anonymous_0)
FNF:1
FNH:1
FNDA:2,(anonymous_0)
DA:1,3
DA:4,2
DA:5,2
DA:25,1
DA:27,1
DA:32,3
LF:6
LH:6
BRF:0
BRH:0
end_of_record
TN:
SF:controllers/postConstroller.js
FN:4,(anonymous_0)
FN:13,(anonymous_1)
FN:19,(anonymous_2)
FN:34,(anonymous_3)
FNF:4
FNH:0
FNDA:0,(anonymous_0)
FNDA:0,(anonymous_1)
FNDA:0,(anonymous_2)
FNDA:0,(anonymous_3)
DA:1,3
DA:5,0
DA:6,0
DA:7,0
DA:9,0
DA:14,0
DA:15,0
DA:16,0
DA:17,0
DA:19,0
DA:20,0
DA:27,0
DA:28,0
DA:30,0
DA:35,0
DA:36,0
DA:37,0
DA:38,0
DA:39,0
DA:41,0
DA:42,0
DA:44,0
DA:49,3
LF:23
LH:2
BRDA:38,0,0,0
BRDA:38,0,1,0
BRF:2
BRH:0
end_of_record
TN:
SF:controllers/userController.js
FN:5,(anonymous_0)
FN:15,(anonymous_1)
FNF:2
FNH:2
FNDA:2,(anonymous_0)
FNDA:5,(anonymous_1)
DA:1,3
DA:2,3
DA:3,3
DA:6,2
DA:7,2
DA:8,2
DA:9,1
DA:11,1
DA:16,5
DA:17,5
DA:18,5
DA:19,1
DA:21,4
DA:22,1
DA:25,3
DA:26,3
DA:27,1
DA:29,2
DA:31,2
DA:32,1
DA:34,1
DA:35,1
DA:37,1
DA:39,4
DA:44,3
LF:25
LH:25
BRDA:18,0,0,1
BRDA:18,0,1,4
BRDA:21,1,0,1
BRDA:21,1,1,3
BRDA:26,2,0,1
BRDA:26,2,1,2
BRDA:31,3,0,1
BRDA:31,3,1,1
BRF:8
BRH:8
end_of_record
TN:
SF:helpers/bcrypt.js
FN:3,(anonymous_0)
FN:7,(anonymous_1)
FNF:2
FNH:2
FNDA:9,(anonymous_0)
FNDA:2,(anonymous_1)
DA:1,3
DA:3,3
DA:4,9
DA:7,3
DA:8,2
DA:11,3
LF:6
LH:6
BRF:0
BRH:0
end_of_record
TN:
SF:helpers/jwt.js
FN:5,(anonymous_0)
FN:9,(anonymous_1)
FNF:2
FNH:2
FNDA:3,(anonymous_0)
FNDA:10,(anonymous_1)
DA:1,3
DA:3,3
DA:5,3
DA:6,3
DA:9,3
DA:10,10
DA:13,3
LF:7
LH:7
BRF:0
BRH:0
end_of_record
TN:
SF:middleware/auth.js
FN:4,authentication
FN:32,authorization
FNF:2
FNH:2
FNDA:10,authentication
FNDA:2,authorization
DA:1,3
DA:2,3
DA:5,10
DA:6,10
DA:8,10
DA:9,0
DA:12,10
DA:15,10
DA:17,10
DA:18,0
DA:21,10
DA:26,10
DA:28,0
DA:33,2
DA:34,2
DA:37,2
DA:41,2
DA:42,1
DA:44,1
DA:45,1
DA:47,0
DA:50,1
DA:54,3
LF:23
LH:19
BRDA:8,0,0,0
BRDA:8,0,1,10
BRDA:17,1,0,0
BRDA:17,1,1,10
BRDA:41,2,0,1
BRDA:41,2,1,1
BRDA:44,3,0,1
BRDA:44,3,1,0
BRF:8
BRH:5
end_of_record
TN:
SF:middleware/handleError.js
FN:1,handleError
FNF:1
FNH:1
FNDA:10,handleError
DA:2,10
DA:3,10
DA:5,10
DA:8,2
DA:9,2
DA:10,2
DA:12,1
DA:13,1
DA:14,1
DA:16,1
DA:17,1
DA:18,1
DA:24,2
DA:25,2
DA:26,2
DA:29,0
DA:30,0
DA:31,0
DA:33,0
DA:34,0
DA:35,0
DA:37,1
DA:38,1
DA:39,1
DA:42,10
DA:47,3
LF:26
LH:20
BRDA:5,0,0,2
BRDA:5,0,1,2
BRDA:5,0,2,1
BRDA:5,0,3,1
BRDA:5,0,4,2
BRDA:5,0,5,0
BRDA:5,0,6,0
BRDA:5,0,7,0
BRDA:5,0,8,1
BRF:9
BRH:6
end_of_record
TN:
SF:models/business.js
FN:3,(anonymous_0)
FN:10,(anonymous_1)
FN:79,(anonymous_2)
FN:82,(anonymous_3)
FN:90,(anonymous_4)
FN:93,(anonymous_5)
FNF:6
FNH:4
FNDA:3,(anonymous_0)
FNDA:3,(anonymous_1)
FNDA:1,(anonymous_2)
FNDA:8,(anonymous_3)
FNDA:0,(anonymous_4)
FNDA:0,(anonymous_5)
DA:2,3
DA:3,3
DA:12,3
DA:16,3
DA:20,3
DA:26,3
DA:79,3
DA:80,1
DA:82,1
DA:83,8
DA:84,1
DA:87,1
DA:88,1
DA:90,3
DA:91,0
DA:93,0
DA:94,0
DA:95,0
DA:98,0
DA:99,0
DA:101,3
LF:21
LH:15
BRDA:83,0,0,1
BRDA:83,0,1,7
BRDA:94,1,0,0
BRDA:94,1,1,0
BRF:4
BRH:2
end_of_record
TN:
SF:models/category.js
FN:3,(anonymous_0)
FN:10,(anonymous_1)
FNF:2
FNH:2
FNDA:3,(anonymous_0)
FNDA:3,(anonymous_1)
DA:2,3
DA:3,3
DA:12,3
DA:18,3
DA:28,3
LF:5
LH:5
BRF:0
BRH:0
end_of_record
TN:
SF:models/index.js
FN:21,(anonymous_0)
FN:24,(anonymous_1)
FN:29,(anonymous_2)
FNF:3
FNH:3
FNDA:15,(anonymous_0)
FNDA:12,(anonymous_1)
FNDA:12,(anonymous_2)
DA:3,3
DA:4,3
DA:5,3
DA:6,3
DA:7,3
DA:8,3
DA:9,3
DA:10,3
DA:13,3
DA:14,0
DA:16,3
DA:19,3
DA:22,15
DA:25,12
DA:26,12
DA:29,3
DA:30,12
DA:31,12
DA:35,3
DA:36,3
DA:38,3
LF:21
LH:20
BRDA:8,0,0,3
BRDA:8,0,1,0
BRDA:13,1,0,0
BRDA:13,1,1,3
BRDA:22,2,0,15
BRDA:22,2,1,15
BRDA:22,2,2,12
BRDA:30,3,0,12
BRDA:30,3,1,0
BRF:9
BRH:6
end_of_record
TN:
SF:models/partner.js
FN:4,(anonymous_0)
FN:11,(anonymous_1)
FN:63,(anonymous_2)
FNF:3
FNH:3
FNDA:3,(anonymous_0)
FNDA:3,(anonymous_1)
FNDA:3,(anonymous_2)
DA:2,3
DA:3,3
DA:4,3
DA:13,3
DA:19,3
DA:63,3
DA:64,3
DA:66,3
LF:8
LH:8
BRF:0
BRH:0
end_of_record
TN:
SF:models/post.js
FN:3,(anonymous_0)
FN:10,(anonymous_1)
FNF:2
FNH:2
FNDA:3,(anonymous_0)
FNDA:3,(anonymous_1)
DA:2,3
DA:3,3
DA:12,3
DA:18,3
DA:40,3
LF:5
LH:5
BRF:0
BRH:0
end_of_record
TN:
SF:routes/index.js
FNF:0
FNH:0
DA:1,3
DA:2,3
DA:3,3
DA:4,3
DA:5,3
DA:6,3
DA:7,3
DA:9,3
DA:10,3
DA:11,3
DA:12,3
DA:13,3
DA:14,3
DA:15,3
DA:16,3
DA:17,3
DA:19,3
LF:17
LH:17
BRF:0
BRH:0
end_of_record
TN:
SF:routes/postRoute.js
FNF:0
FNH:0
DA:1,3
DA:2,3
DA:3,3
DA:5,3
DA:6,3
DA:7,3
DA:8,3
DA:11,3
DA:17,3
DA:23,3
DA:25,3
DA:26,3
DA:32,3
DA:34,3
LF:14
LH:14
BRF:0
BRH:0
end_of_record
