<?xml version="1.0" encoding="UTF-8"?>
<coverage generated="1675779666145" clover="3.2.0">
  <project timestamp="1675779666145" name="All files">
    <metrics statements="122" coveredstatements="58" conditionals="12" coveredconditionals="5" methods="22" coveredmethods="8" elements="156" coveredelements="71" complexity="0" loc="122" ncloc="122" packages="6" files="6" classes="6"/>
    <package name="journey-services">
      <metrics statements="20" coveredstatements="17" conditionals="6" coveredconditionals="4" methods="3" coveredmethods="1"/>
      <file name="app.js" path="/Users/raihanqowi/Documents/Final-ProJek/wanderia/server/services/journey-services/app.js">
        <metrics statements="20" coveredstatements="17" conditionals="6" coveredconditionals="4" methods="3" coveredmethods="1"/>
        <line num="1" count="1" type="cond" truecount="1" falsecount="1"/>
        <line num="2" count="1" type="stmt"/>
        <line num="5" count="1" type="stmt"/>
        <line num="6" count="1" type="stmt"/>
        <line num="7" count="1" type="stmt"/>
        <line num="8" count="1" type="stmt"/>
        <line num="9" count="1" type="cond" truecount="2" falsecount="0"/>
        <line num="10" count="1" type="stmt"/>
        <line num="11" count="1" type="stmt"/>
        <line num="13" count="1" type="stmt"/>
        <line num="14" count="1" type="stmt"/>
        <line num="15" count="1" type="stmt"/>
        <line num="19" count="1" type="stmt"/>
        <line num="20" count="1" type="stmt"/>
        <line num="22" count="1" type="stmt"/>
        <line num="24" count="1" type="cond" truecount="1" falsecount="1"/>
        <line num="25" count="0" type="stmt"/>
        <line num="26" count="0" type="stmt"/>
        <line num="32" count="0" type="stmt"/>
        <line num="35" count="1" type="stmt"/>
      </file>
    </package>
    <package name="journey-services.configs">
      <metrics statements="21" coveredstatements="17" conditionals="2" coveredconditionals="1" methods="3" coveredmethods="3"/>
      <file name="mongoDb.js" path="/Users/raihanqowi/Documents/Final-ProJek/wanderia/server/services/journey-services/configs/mongoDb.js">
        <metrics statements="21" coveredstatements="17" conditionals="2" coveredconditionals="1" methods="3" coveredmethods="3"/>
        <line num="1" count="1" type="stmt"/>
        <line num="2" count="1" type="stmt"/>
        <line num="3" count="1" type="stmt"/>
        <line num="4" count="1" type="stmt"/>
        <line num="10" count="1" type="stmt"/>
        <line num="13" count="3" type="stmt"/>
        <line num="17" count="1" type="stmt"/>
        <line num="21" count="2" type="stmt"/>
        <line num="22" count="2" type="stmt"/>
        <line num="23" count="2" type="stmt"/>
        <line num="24" count="2" type="cond" truecount="1" falsecount="1"/>
        <line num="25" count="0" type="stmt"/>
        <line num="27" count="2" type="stmt"/>
        <line num="28" count="2" type="stmt"/>
        <line num="29" count="2" type="stmt"/>
        <line num="30" count="2" type="stmt"/>
        <line num="31" count="2" type="stmt"/>
        <line num="33" count="0" type="stmt"/>
        <line num="34" count="0" type="stmt"/>
        <line num="35" count="0" type="stmt"/>
        <line num="39" count="1" type="stmt"/>
      </file>
    </package>
    <package name="journey-services.controllers">
      <metrics statements="53" coveredstatements="9" conditionals="4" coveredconditionals="0" methods="9" coveredmethods="1"/>
      <file name="routesController.js" path="/Users/raihanqowi/Documents/Final-ProJek/wanderia/server/services/journey-services/controllers/routesController.js">
        <metrics statements="53" coveredstatements="9" conditionals="4" coveredconditionals="0" methods="9" coveredmethods="1"/>
        <line num="1" count="1" type="stmt"/>
        <line num="2" count="1" type="stmt"/>
        <line num="4" count="1" type="stmt"/>
        <line num="5" count="1" type="stmt"/>
        <line num="8" count="1" type="stmt"/>
        <line num="12" count="2" type="stmt"/>
        <line num="13" count="2" type="stmt"/>
        <line num="14" count="2" type="stmt"/>
        <line num="16" count="0" type="stmt"/>
        <line num="21" count="0" type="stmt"/>
        <line num="22" count="0" type="stmt"/>
        <line num="26" count="0" type="stmt"/>
        <line num="27" count="0" type="stmt"/>
        <line num="39" count="0" type="stmt"/>
        <line num="40" count="0" type="stmt"/>
        <line num="41" count="0" type="stmt"/>
        <line num="42" count="0" type="cond" truecount="0" falsecount="2"/>
        <line num="43" count="0" type="stmt"/>
        <line num="48" count="0" type="stmt"/>
        <line num="49" count="0" type="stmt"/>
        <line num="51" count="0" type="stmt"/>
        <line num="52" count="0" type="stmt"/>
        <line num="53" count="0" type="stmt"/>
        <line num="55" count="0" type="stmt"/>
        <line num="56" count="0" type="stmt"/>
        <line num="59" count="0" type="stmt"/>
        <line num="62" count="0" type="stmt"/>
        <line num="65" count="0" type="stmt"/>
        <line num="66" count="0" type="stmt"/>
        <line num="67" count="0" type="stmt"/>
        <line num="68" count="0" type="stmt"/>
        <line num="69" count="0" type="stmt"/>
        <line num="70" count="0" type="cond" truecount="0" falsecount="2"/>
        <line num="71" count="0" type="stmt"/>
        <line num="74" count="0" type="stmt"/>
        <line num="77" count="0" type="stmt"/>
        <line num="78" count="0" type="stmt"/>
        <line num="79" count="0" type="stmt"/>
        <line num="89" count="0" type="stmt"/>
        <line num="91" count="0" type="stmt"/>
        <line num="93" count="0" type="stmt"/>
        <line num="94" count="0" type="stmt"/>
        <line num="99" count="0" type="stmt"/>
        <line num="100" count="0" type="stmt"/>
        <line num="101" count="0" type="stmt"/>
        <line num="102" count="0" type="stmt"/>
        <line num="104" count="0" type="stmt"/>
        <line num="109" count="0" type="stmt"/>
        <line num="110" count="0" type="stmt"/>
        <line num="111" count="0" type="stmt"/>
        <line num="112" count="0" type="stmt"/>
        <line num="114" count="0" type="stmt"/>
        <line num="119" count="1" type="stmt"/>
      </file>
    </package>
    <package name="journey-services.middlewares">
      <metrics statements="4" coveredstatements="1" conditionals="0" coveredconditionals="0" methods="1" coveredmethods="0"/>
      <file name="errorHandler.js" path="/Users/raihanqowi/Documents/Final-ProJek/wanderia/server/services/journey-services/middlewares/errorHandler.js">
        <metrics statements="4" coveredstatements="1" conditionals="0" coveredconditionals="0" methods="1" coveredmethods="0"/>
        <line num="2" count="0" type="stmt"/>
        <line num="3" count="0" type="stmt"/>
        <line num="5" count="0" type="stmt"/>
        <line num="8" count="1" type="stmt"/>
      </file>
    </package>
    <package name="journey-services.models">
      <metrics statements="16" coveredstatements="6" conditionals="0" coveredconditionals="0" methods="6" coveredmethods="3"/>
      <file name="index.js" path="/Users/raihanqowi/Documents/Final-ProJek/wanderia/server/services/journey-services/models/index.js">
        <metrics statements="16" coveredstatements="6" conditionals="0" coveredconditionals="0" methods="6" coveredmethods="3"/>
        <line num="1" count="1" type="stmt"/>
        <line num="5" count="3" type="stmt"/>
        <line num="9" count="3" type="stmt"/>
        <line num="13" count="3" type="stmt"/>
        <line num="14" count="3" type="stmt"/>
        <line num="16" count="0" type="stmt"/>
        <line num="21" count="0" type="stmt"/>
        <line num="22" count="0" type="stmt"/>
        <line num="24" count="0" type="stmt"/>
        <line num="29" count="0" type="stmt"/>
        <line num="30" count="0" type="stmt"/>
        <line num="32" count="0" type="stmt"/>
        <line num="37" count="0" type="stmt"/>
        <line num="38" count="0" type="stmt"/>
        <line num="40" count="0" type="stmt"/>
        <line num="45" count="1" type="stmt"/>
      </file>
    </package>
    <package name="journey-services.routes">
      <metrics statements="8" coveredstatements="8" conditionals="0" coveredconditionals="0" methods="0" coveredmethods="0"/>
      <file name="index.js" path="/Users/raihanqowi/Documents/Final-ProJek/wanderia/server/services/journey-services/routes/index.js">
        <metrics statements="8" coveredstatements="8" conditionals="0" coveredconditionals="0" methods="0" coveredmethods="0"/>
        <line num="1" count="1" type="stmt"/>
        <line num="2" count="1" type="stmt"/>
        <line num="3" count="1" type="stmt"/>
        <line num="5" count="1" type="stmt"/>
        <line num="6" count="1" type="stmt"/>
        <line num="7" count="1" type="stmt"/>
        <line num="8" count="1" type="stmt"/>
        <line num="10" count="1" type="stmt"/>
      </file>
    </package>
  </project>
</coverage>
