{"/Users/raihanqowi/Documents/Final-ProJek/wanderia/server/services/journey-services/app.js": {"path":"/Users/raihanqowi/Documents/Final-ProJek/wanderia/server/services/journey-services/app.js","statementMap":{"0":{"start":{"line":1,"column":0},"end":{"line":3,"column":1}},"1":{"start":{"line":2,"column":4},"end":{"line":2,"column":31}},"2":{"start":{"line":5,"column":16},"end":{"line":5,"column":34}},"3":{"start":{"line":6,"column":13},"end":{"line":6,"column":28}},"4":{"start":{"line":7,"column":12},"end":{"line":7,"column":21}},"5":{"start":{"line":8,"column":22},"end":{"line":8,"column":50}},"6":{"start":{"line":9,"column":14},"end":{"line":9,"column":38}},"7":{"start":{"line":10,"column":15},"end":{"line":10,"column":34}},"8":{"start":{"line":11,"column":21},"end":{"line":11,"column":58}},"9":{"start":{"line":13,"column":0},"end":{"line":13,"column":15}},"10":{"start":{"line":14,"column":0},"end":{"line":14,"column":48}},"11":{"start":{"line":15,"column":0},"end":{"line":15,"column":24}},"12":{"start":{"line":19,"column":0},"end":{"line":19,"column":26}},"13":{"start":{"line":20,"column":0},"end":{"line":20,"column":21}},"14":{"start":{"line":22,"column":0},"end":{"line":32,"column":38}},"15":{"start":{"line":24,"column":8},"end":{"line":29,"column":9}},"16":{"start":{"line":25,"column":12},"end":{"line":28,"column":15}},"17":{"start":{"line":26,"column":16},"end":{"line":26,"column":69}},"18":{"start":{"line":32,"column":20},"end":{"line":32,"column":36}},"19":{"start":{"line":35,"column":0},"end":{"line":35,"column":21}}},"fnMap":{"0":{"name":"(anonymous_0)","decl":{"start":{"line":23,"column":10},"end":{"line":23,"column":11}},"loc":{"start":{"line":23,"column":16},"end":{"line":31,"column":5}},"line":23},"1":{"name":"(anonymous_1)","decl":{"start":{"line":25,"column":29},"end":{"line":25,"column":30}},"loc":{"start":{"line":25,"column":35},"end":{"line":28,"column":13}},"line":25},"2":{"name":"(anonymous_2)","decl":{"start":{"line":32,"column":11},"end":{"line":32,"column":12}},"loc":{"start":{"line":32,"column":20},"end":{"line":32,"column":36}},"line":32}},"branchMap":{"0":{"loc":{"start":{"line":1,"column":0},"end":{"line":3,"column":1}},"type":"if","locations":[{"start":{"line":1,"column":0},"end":{"line":3,"column":1}},{"start":{},"end":{}}],"line":1},"1":{"loc":{"start":{"line":9,"column":14},"end":{"line":9,"column":38}},"type":"binary-expr","locations":[{"start":{"line":9,"column":14},"end":{"line":9,"column":30}},{"start":{"line":9,"column":34},"end":{"line":9,"column":38}}],"line":9},"2":{"loc":{"start":{"line":24,"column":8},"end":{"line":29,"column":9}},"type":"if","locations":[{"start":{"line":24,"column":8},"end":{"line":29,"column":9}},{"start":{},"end":{}}],"line":24}},"s":{"0":1,"1":1,"2":1,"3":1,"4":1,"5":1,"6":1,"7":1,"8":1,"9":1,"10":1,"11":1,"12":1,"13":1,"14":1,"15":1,"16":0,"17":0,"18":0,"19":1},"f":{"0":1,"1":0,"2":0},"b":{"0":[1,0],"1":[1,1],"2":[0,1]},"_coverageSchema":"1a1c01bbd47fc00a2c39e90264f33305004495a9","hash":"efc07ee1da6c32d4fa5251036bbc8994176129c7"}
,"/Users/raihanqowi/Documents/Final-ProJek/wanderia/server/services/journey-services/configs/mongoDb.js": {"path":"/Users/raihanqowi/Documents/Final-ProJek/wanderia/server/services/journey-services/configs/mongoDb.js","statementMap":{"0":{"start":{"line":1,"column":42},"end":{"line":1,"column":60}},"1":{"start":{"line":2,"column":12},"end":{"line":2,"column":36}},"2":{"start":{"line":3,"column":0},"end":{"line":3,"column":28}},"3":{"start":{"line":4,"column":15},"end":{"line":8,"column":2}},"4":{"start":{"line":10,"column":9},"end":{"line":10,"column":13}},"5":{"start":{"line":13,"column":2},"end":{"line":13,"column":12}},"6":{"start":{"line":17,"column":2},"end":{"line":17,"column":15}},"7":{"start":{"line":21,"column":2},"end":{"line":36,"column":3}},"8":{"start":{"line":22,"column":4},"end":{"line":22,"column":27}},"9":{"start":{"line":23,"column":17},"end":{"line":23,"column":31}},"10":{"start":{"line":24,"column":4},"end":{"line":26,"column":5}},"11":{"start":{"line":25,"column":6},"end":{"line":25,"column":25}},"12":{"start":{"line":27,"column":4},"end":{"line":27,"column":33}},"13":{"start":{"line":28,"column":21},"end":{"line":28,"column":44}},"14":{"start":{"line":29,"column":4},"end":{"line":29,"column":42}},"15":{"start":{"line":30,"column":4},"end":{"line":30,"column":18}},"16":{"start":{"line":31,"column":4},"end":{"line":31,"column":20}},"17":{"start":{"line":33,"column":4},"end":{"line":33,"column":37}},"18":{"start":{"line":34,"column":4},"end":{"line":34,"column":25}},"19":{"start":{"line":35,"column":4},"end":{"line":35,"column":14}},"20":{"start":{"line":39,"column":0},"end":{"line":39,"column":52}}},"fnMap":{"0":{"name":"clientDB","decl":{"start":{"line":12,"column":9},"end":{"line":12,"column":17}},"loc":{"start":{"line":12,"column":20},"end":{"line":14,"column":1}},"line":12},"1":{"name":"getClient","decl":{"start":{"line":16,"column":9},"end":{"line":16,"column":18}},"loc":{"start":{"line":16,"column":20},"end":{"line":18,"column":1}},"line":16},"2":{"name":"connectDB","decl":{"start":{"line":20,"column":15},"end":{"line":20,"column":24}},"loc":{"start":{"line":20,"column":27},"end":{"line":37,"column":1}},"line":20}},"branchMap":{"0":{"loc":{"start":{"line":24,"column":4},"end":{"line":26,"column":5}},"type":"if","locations":[{"start":{"line":24,"column":4},"end":{"line":26,"column":5}},{"start":{},"end":{}}],"line":24}},"s":{"0":1,"1":1,"2":1,"3":1,"4":1,"5":3,"6":1,"7":2,"8":2,"9":2,"10":2,"11":0,"12":2,"13":2,"14":2,"15":2,"16":2,"17":0,"18":0,"19":0,"20":1},"f":{"0":3,"1":1,"2":2},"b":{"0":[0,2]},"_coverageSchema":"1a1c01bbd47fc00a2c39e90264f33305004495a9","hash":"460557ce28e96d0d6189e6f219bc5a2d6a77a926"}
,"/Users/raihanqowi/Documents/Final-ProJek/wanderia/server/services/journey-services/controllers/routesController.js": {"path":"/Users/raihanqowi/Documents/Final-ProJek/wanderia/server/services/journey-services/controllers/routesController.js","statementMap":{"0":{"start":{"line":1,"column":14},"end":{"line":1,"column":34}},"1":{"start":{"line":2,"column":11},"end":{"line":2,"column":24}},"2":{"start":{"line":4,"column":37},"end":{"line":4,"column":54}},"3":{"start":{"line":5,"column":22},"end":{"line":7,"column":2}},"4":{"start":{"line":8,"column":15},"end":{"line":8,"column":43}},"5":{"start":{"line":12,"column":8},"end":{"line":17,"column":9}},"6":{"start":{"line":13,"column":23},"end":{"line":13,"column":44}},"7":{"start":{"line":14,"column":12},"end":{"line":14,"column":38}},"8":{"start":{"line":16,"column":12},"end":{"line":16,"column":23}},"9":{"start":{"line":21,"column":8},"end":{"line":95,"column":9}},"10":{"start":{"line":22,"column":65},"end":{"line":22,"column":73}},"11":{"start":{"line":26,"column":25},"end":{"line":26,"column":210}},"12":{"start":{"line":27,"column":29},"end":{"line":36,"column":14}},"13":{"start":{"line":39,"column":28},"end":{"line":39,"column":64}},"14":{"start":{"line":40,"column":24},"end":{"line":40,"column":26}},"15":{"start":{"line":41,"column":12},"end":{"line":45,"column":14}},"16":{"start":{"line":42,"column":16},"end":{"line":44,"column":17}},"17":{"start":{"line":43,"column":20},"end":{"line":43,"column":34}},"18":{"start":{"line":48,"column":32},"end":{"line":48,"column":76}},"19":{"start":{"line":49,"column":29},"end":{"line":49,"column":31}},"20":{"start":{"line":51,"column":16},"end":{"line":60,"column":17}},"21":{"start":{"line":51,"column":29},"end":{"line":51,"column":30}},"22":{"start":{"line":52,"column":30},"end":{"line":52,"column":32}},"23":{"start":{"line":53,"column":38},"end":{"line":53,"column":57}},"24":{"start":{"line":55,"column":20},"end":{"line":57,"column":21}},"25":{"start":{"line":55,"column":33},"end":{"line":55,"column":34}},"26":{"start":{"line":56,"column":24},"end":{"line":56,"column":64}},"27":{"start":{"line":59,"column":20},"end":{"line":59,"column":37}},"28":{"start":{"line":62,"column":16},"end":{"line":62,"column":30}},"29":{"start":{"line":65,"column":27},"end":{"line":65,"column":57}},"30":{"start":{"line":66,"column":12},"end":{"line":75,"column":14}},"31":{"start":{"line":67,"column":27},"end":{"line":67,"column":29}},"32":{"start":{"line":68,"column":26},"end":{"line":68,"column":44}},"33":{"start":{"line":69,"column":16},"end":{"line":73,"column":18}},"34":{"start":{"line":70,"column":20},"end":{"line":72,"column":21}},"35":{"start":{"line":71,"column":24},"end":{"line":71,"column":37}},"36":{"start":{"line":74,"column":16},"end":{"line":74,"column":40}},"37":{"start":{"line":77,"column":21},"end":{"line":77,"column":78}},"38":{"start":{"line":78,"column":33},"end":{"line":86,"column":14}},"39":{"start":{"line":79,"column":16},"end":{"line":85,"column":17}},"40":{"start":{"line":89,"column":12},"end":{"line":89,"column":44}},"41":{"start":{"line":91,"column":12},"end":{"line":91,"column":72}},"42":{"start":{"line":93,"column":12},"end":{"line":93,"column":30}},"43":{"start":{"line":94,"column":12},"end":{"line":94,"column":23}},"44":{"start":{"line":99,"column":8},"end":{"line":105,"column":9}},"45":{"start":{"line":100,"column":31},"end":{"line":100,"column":41}},"46":{"start":{"line":101,"column":23},"end":{"line":101,"column":51}},"47":{"start":{"line":102,"column":12},"end":{"line":102,"column":38}},"48":{"start":{"line":104,"column":12},"end":{"line":104,"column":23}},"49":{"start":{"line":109,"column":8},"end":{"line":115,"column":9}},"50":{"start":{"line":110,"column":31},"end":{"line":110,"column":41}},"51":{"start":{"line":111,"column":12},"end":{"line":111,"column":40}},"52":{"start":{"line":112,"column":12},"end":{"line":112,"column":92}},"53":{"start":{"line":114,"column":12},"end":{"line":114,"column":23}},"54":{"start":{"line":119,"column":0},"end":{"line":119,"column":33}}},"fnMap":{"0":{"name":"(anonymous_0)","decl":{"start":{"line":11,"column":4},"end":{"line":11,"column":5}},"loc":{"start":{"line":11,"column":46},"end":{"line":18,"column":5}},"line":11},"1":{"name":"(anonymous_1)","decl":{"start":{"line":20,"column":4},"end":{"line":20,"column":5}},"loc":{"start":{"line":20,"column":42},"end":{"line":96,"column":5}},"line":20},"2":{"name":"(anonymous_2)","decl":{"start":{"line":41,"column":26},"end":{"line":41,"column":27}},"loc":{"start":{"line":41,"column":34},"end":{"line":45,"column":13}},"line":41},"3":{"name":"convertToArrayOfObjects","decl":{"start":{"line":47,"column":21},"end":{"line":47,"column":44}},"loc":{"start":{"line":47,"column":51},"end":{"line":63,"column":13}},"line":47},"4":{"name":"(anonymous_4)","decl":{"start":{"line":66,"column":29},"end":{"line":66,"column":30}},"loc":{"start":{"line":66,"column":37},"end":{"line":75,"column":13}},"line":66},"5":{"name":"(anonymous_5)","decl":{"start":{"line":69,"column":24},"end":{"line":69,"column":25}},"loc":{"start":{"line":69,"column":35},"end":{"line":73,"column":17}},"line":69},"6":{"name":"(anonymous_6)","decl":{"start":{"line":78,"column":46},"end":{"line":78,"column":47}},"loc":{"start":{"line":78,"column":53},"end":{"line":86,"column":13}},"line":78},"7":{"name":"(anonymous_7)","decl":{"start":{"line":98,"column":4},"end":{"line":98,"column":5}},"loc":{"start":{"line":98,"column":39},"end":{"line":106,"column":5}},"line":98},"8":{"name":"(anonymous_8)","decl":{"start":{"line":108,"column":4},"end":{"line":108,"column":5}},"loc":{"start":{"line":108,"column":42},"end":{"line":116,"column":5}},"line":108}},"branchMap":{"0":{"loc":{"start":{"line":42,"column":16},"end":{"line":44,"column":17}},"type":"if","locations":[{"start":{"line":42,"column":16},"end":{"line":44,"column":17}},{"start":{},"end":{}}],"line":42},"1":{"loc":{"start":{"line":70,"column":20},"end":{"line":72,"column":21}},"type":"if","locations":[{"start":{"line":70,"column":20},"end":{"line":72,"column":21}},{"start":{},"end":{}}],"line":70}},"s":{"0":1,"1":1,"2":1,"3":1,"4":1,"5":1,"6":1,"7":1,"8":0,"9":0,"10":0,"11":0,"12":0,"13":0,"14":0,"15":0,"16":0,"17":0,"18":0,"19":0,"20":0,"21":0,"22":0,"23":0,"24":0,"25":0,"26":0,"27":0,"28":0,"29":0,"30":0,"31":0,"32":0,"33":0,"34":0,"35":0,"36":0,"37":0,"38":0,"39":0,"40":0,"41":0,"42":0,"43":0,"44":1,"45":1,"46":1,"47":1,"48":0,"49":0,"50":0,"51":0,"52":0,"53":0,"54":1},"f":{"0":1,"1":0,"2":0,"3":0,"4":0,"5":0,"6":0,"7":1,"8":0},"b":{"0":[0,0],"1":[0,0]},"_coverageSchema":"1a1c01bbd47fc00a2c39e90264f33305004495a9","hash":"7934a8dc526f034e3a207543075ddf4f4b7d0170"}
,"/Users/raihanqowi/Documents/Final-ProJek/wanderia/server/services/journey-services/middlewares/errorHandler.js": {"path":"/Users/raihanqowi/Documents/Final-ProJek/wanderia/server/services/journey-services/middlewares/errorHandler.js","statementMap":{"0":{"start":{"line":2,"column":17},"end":{"line":2,"column":20}},"1":{"start":{"line":3,"column":18},"end":{"line":3,"column":41}},"2":{"start":{"line":5,"column":4},"end":{"line":5,"column":41}},"3":{"start":{"line":8,"column":0},"end":{"line":8,"column":30}}},"fnMap":{"0":{"name":"errorHandler","decl":{"start":{"line":1,"column":9},"end":{"line":1,"column":21}},"loc":{"start":{"line":1,"column":43},"end":{"line":6,"column":1}},"line":1}},"branchMap":{},"s":{"0":0,"1":0,"2":0,"3":1},"f":{"0":0},"b":{},"_coverageSchema":"1a1c01bbd47fc00a2c39e90264f33305004495a9","hash":"e8468441d119a6655665333702c1f821e0f862be"}
,"/Users/raihanqowi/Documents/Final-ProJek/wanderia/server/services/journey-services/models/index.js": {"path":"/Users/raihanqowi/Documents/Final-ProJek/wanderia/server/services/journey-services/models/index.js","statementMap":{"0":{"start":{"line":1,"column":21},"end":{"line":1,"column":50}},"1":{"start":{"line":5,"column":8},"end":{"line":5,"column":47}},"2":{"start":{"line":9,"column":8},"end":{"line":9,"column":38}},"3":{"start":{"line":13,"column":8},"end":{"line":17,"column":9}},"4":{"start":{"line":14,"column":12},"end":{"line":14,"column":52}},"5":{"start":{"line":16,"column":12},"end":{"line":16,"column":23}},"6":{"start":{"line":21,"column":8},"end":{"line":25,"column":9}},"7":{"start":{"line":22,"column":12},"end":{"line":22,"column":62}},"8":{"start":{"line":24,"column":12},"end":{"line":24,"column":23}},"9":{"start":{"line":29,"column":8},"end":{"line":33,"column":9}},"10":{"start":{"line":30,"column":12},"end":{"line":30,"column":55}},"11":{"start":{"line":32,"column":12},"end":{"line":32,"column":23}},"12":{"start":{"line":37,"column":8},"end":{"line":41,"column":9}},"13":{"start":{"line":38,"column":12},"end":{"line":38,"column":58}},"14":{"start":{"line":40,"column":12},"end":{"line":40,"column":23}},"15":{"start":{"line":45,"column":0},"end":{"line":45,"column":22}}},"fnMap":{"0":{"name":"(anonymous_0)","decl":{"start":{"line":4,"column":4},"end":{"line":4,"column":5}},"loc":{"start":{"line":4,"column":29},"end":{"line":6,"column":5}},"line":4},"1":{"name":"(anonymous_1)","decl":{"start":{"line":8,"column":4},"end":{"line":8,"column":5}},"loc":{"start":{"line":8,"column":23},"end":{"line":10,"column":5}},"line":8},"2":{"name":"(anonymous_2)","decl":{"start":{"line":12,"column":4},"end":{"line":12,"column":5}},"loc":{"start":{"line":12,"column":27},"end":{"line":18,"column":5}},"line":12},"3":{"name":"(anonymous_3)","decl":{"start":{"line":20,"column":4},"end":{"line":20,"column":5}},"loc":{"start":{"line":20,"column":33},"end":{"line":26,"column":5}},"line":20},"4":{"name":"(anonymous_4)","decl":{"start":{"line":28,"column":4},"end":{"line":28,"column":5}},"loc":{"start":{"line":28,"column":33},"end":{"line":34,"column":5}},"line":28},"5":{"name":"(anonymous_5)","decl":{"start":{"line":36,"column":4},"end":{"line":36,"column":5}},"loc":{"start":{"line":36,"column":33},"end":{"line":42,"column":5}},"line":36}},"branchMap":{},"s":{"0":1,"1":3,"2":3,"3":2,"4":2,"5":0,"6":1,"7":1,"8":0,"9":0,"10":0,"11":0,"12":0,"13":0,"14":0,"15":1},"f":{"0":3,"1":3,"2":2,"3":1,"4":0,"5":0},"b":{},"_coverageSchema":"1a1c01bbd47fc00a2c39e90264f33305004495a9","hash":"d2088cceb11d43df5b2ad2185577a0749b41c55e"}
,"/Users/raihanqowi/Documents/Final-ProJek/wanderia/server/services/journey-services/routes/index.js": {"path":"/Users/raihanqowi/Documents/Final-ProJek/wanderia/server/services/journey-services/routes/index.js","statementMap":{"0":{"start":{"line":1,"column":16},"end":{"line":1,"column":34}},"1":{"start":{"line":2,"column":25},"end":{"line":2,"column":67}},"2":{"start":{"line":3,"column":15},"end":{"line":3,"column":31}},"3":{"start":{"line":5,"column":0},"end":{"line":5,"column":46}},"4":{"start":{"line":6,"column":0},"end":{"line":6,"column":43}},"5":{"start":{"line":7,"column":0},"end":{"line":7,"column":52}},"6":{"start":{"line":8,"column":0},"end":{"line":8,"column":58}},"7":{"start":{"line":10,"column":0},"end":{"line":10,"column":23}}},"fnMap":{},"branchMap":{},"s":{"0":1,"1":1,"2":1,"3":1,"4":1,"5":1,"6":1,"7":1},"f":{},"b":{},"_coverageSchema":"1a1c01bbd47fc00a2c39e90264f33305004495a9","hash":"83f2306a965e2c83782312ad6ef14a3c952554ad"}
}
