TN:
SF:app.js
FN:23,(anonymous_0)
FN:25,(anonymous_1)
FN:32,(anonymous_2)
FNF:3
FNH:1
FNDA:1,(anonymous_0)
FNDA:0,(anonymous_1)
FNDA:0,(anonymous_2)
DA:1,1
DA:2,1
DA:5,1
DA:6,1
DA:7,1
DA:8,1
DA:9,1
DA:10,1
DA:11,1
DA:13,1
DA:14,1
DA:15,1
DA:19,1
DA:20,1
DA:22,1
DA:24,1
DA:25,0
DA:26,0
DA:32,0
DA:35,1
LF:20
LH:17
BRDA:1,0,0,1
BRDA:1,0,1,0
BRDA:9,1,0,1
BRDA:9,1,1,1
BRDA:24,2,0,0
BRDA:24,2,1,1
BRF:6
BRH:4
end_of_record
TN:
SF:configs/mongoDb.js
FN:12,clientDB
FN:16,getClient
FN:20,connectDB
FNF:3
FNH:3
FNDA:3,clientDB
FNDA:1,getClient
FNDA:2,connectDB
DA:1,1
DA:2,1
DA:3,1
DA:4,1
DA:10,1
DA:13,3
DA:17,1
DA:21,2
DA:22,2
DA:23,2
DA:24,2
DA:25,0
DA:27,2
DA:28,2
DA:29,2
DA:30,2
DA:31,2
DA:33,0
DA:34,0
DA:35,0
DA:39,1
LF:21
LH:17
BRDA:24,0,0,0
BRDA:24,0,1,2
BRF:2
BRH:1
end_of_record
TN:
SF:controllers/routesController.js
FN:11,(anonymous_0)
FN:20,(anonymous_1)
FN:41,(anonymous_2)
FN:47,convertToArrayOfObjects
FN:66,(anonymous_4)
FN:69,(anonymous_5)
FN:78,(anonymous_6)
FN:98,(anonymous_7)
FN:108,(anonymous_8)
FNF:9
FNH:2
FNDA:1,(anonymous_0)
FNDA:0,(anonymous_1)
FNDA:0,(anonymous_2)
FNDA:0,convertToArrayOfObjects
FNDA:0,(anonymous_4)
FNDA:0,(anonymous_5)
FNDA:0,(anonymous_6)
FNDA:1,(anonymous_7)
FNDA:0,(anonymous_8)
DA:1,1
DA:2,1
DA:4,1
DA:5,1
DA:8,1
DA:12,1
DA:13,1
DA:14,1
DA:16,0
DA:21,0
DA:22,0
DA:26,0
DA:27,0
DA:39,0
DA:40,0
DA:41,0
DA:42,0
DA:43,0
DA:48,0
DA:49,0
DA:51,0
DA:52,0
DA:53,0
DA:55,0
DA:56,0
DA:59,0
DA:62,0
DA:65,0
DA:66,0
DA:67,0
DA:68,0
DA:69,0
DA:70,0
DA:71,0
DA:74,0
DA:77,0
DA:78,0
DA:79,0
DA:89,0
DA:91,0
DA:93,0
DA:94,0
DA:99,1
DA:100,1
DA:101,1
DA:102,1
DA:104,0
DA:109,0
DA:110,0
DA:111,0
DA:112,0
DA:114,0
DA:119,1
LF:53
LH:13
BRDA:42,0,0,0
BRDA:42,0,1,0
BRDA:70,1,0,0
BRDA:70,1,1,0
BRF:4
BRH:0
end_of_record
TN:
SF:middlewares/errorHandler.js
FN:1,errorHandler
FNF:1
FNH:0
FNDA:0,errorHandler
DA:2,0
DA:3,0
DA:5,0
DA:8,1
LF:4
LH:1
BRF:0
BRH:0
end_of_record
TN:
SF:models/index.js
FN:4,(anonymous_0)
FN:8,(anonymous_1)
FN:12,(anonymous_2)
FN:20,(anonymous_3)
FN:28,(anonymous_4)
FN:36,(anonymous_5)
FNF:6
FNH:4
FNDA:3,(anonymous_0)
FNDA:3,(anonymous_1)
FNDA:2,(anonymous_2)
FNDA:1,(anonymous_3)
FNDA:0,(anonymous_4)
FNDA:0,(anonymous_5)
DA:1,1
DA:5,3
DA:9,3
DA:13,2
DA:14,2
DA:16,0
DA:21,1
DA:22,1
DA:24,0
DA:29,0
DA:30,0
DA:32,0
DA:37,0
DA:38,0
DA:40,0
DA:45,1
LF:16
LH:8
BRF:0
BRH:0
end_of_record
TN:
SF:routes/index.js
FNF:0
FNH:0
DA:1,1
DA:2,1
DA:3,1
DA:5,1
DA:6,1
DA:7,1
DA:8,1
DA:10,1
LF:8
LH:8
BRF:0
BRH:0
end_of_record
